{"timestamp":"2025-10-19T10:16:45.381Z","level":"DEBUG","message":"[AUTH] POST /check-user"}
{"timestamp":"2025-10-19T10:16:56.409Z","level":"DEBUG","message":"[AUTH] GET /verify"}
{"timestamp":"2025-10-19T10:16:58.248Z","level":"DEBUG","message":"[AUTH] GET /verify"}
{"timestamp":"2025-10-19T11:14:03.150Z","level":"DEBUG","message":"[AUTH] POST /check-user"}
{"timestamp":"2025-10-19T11:14:20.563Z","level":"DEBUG","message":"[SESSION] POST /complete"}
{"timestamp":"2025-10-19T11:14:22.907Z","level":"DEBUG","message":"User auth details retrieved","userId":1}
{"timestamp":"2025-10-19T11:14:24.246Z","level":"DEBUG","message":"[AUTH] GET /verify"}
{"timestamp":"2025-10-19T11:14:26.182Z","level":"DEBUG","message":"User auth details retrieved","userId":1}
{"timestamp":"2025-10-19T11:14:26.185Z","level":"DEBUG","message":"[AUTH] GET /verify"}
{"timestamp":"2025-10-19T11:14:28.185Z","level":"DEBUG","message":"User auth details retrieved","userId":1}
{"timestamp":"2025-10-19T11:14:32.145Z","level":"DEBUG","message":"[SESSION] POST /logout"}
{"timestamp":"2025-10-19T12:02:19.299Z","level":"DEBUG","message":"[AUTH] POST /check-user"}
{"timestamp":"2025-10-19T12:02:48.328Z","level":"DEBUG","message":"[SESSION] POST /complete"}
{"timestamp":"2025-10-19T12:02:50.679Z","level":"DEBUG","message":"User auth details retrieved","userId":1}
{"timestamp":"2025-10-19T12:02:52.318Z","level":"DEBUG","message":"[AUTH] GET /verify"}
{"timestamp":"2025-10-19T12:02:53.906Z","level":"DEBUG","message":"User auth details retrieved","userId":1}
{"timestamp":"2025-10-19T12:02:53.908Z","level":"DEBUG","message":"[AUTH] GET /verify"}
{"timestamp":"2025-10-19T12:02:55.621Z","level":"DEBUG","message":"User auth details retrieved","userId":1}
{"timestamp":"2025-10-19T12:02:56.363Z","level":"DEBUG","message":"[SESSION] POST /logout"}
{"timestamp":"2025-10-19T12:15:02.483Z","level":"DEBUG","message":"[AUTH] POST /check-user"}
{"timestamp":"2025-10-19T12:15:14.428Z","level":"DEBUG","message":"[SESSION] POST /complete"}
{"timestamp":"2025-10-19T12:15:16.658Z","level":"DEBUG","message":"User auth details retrieved","userId":1}
{"timestamp":"2025-10-19T12:15:18.309Z","level":"DEBUG","message":"[AUTH] GET /verify"}
{"timestamp":"2025-10-19T12:15:20.168Z","level":"DEBUG","message":"User auth details retrieved","userId":1}
{"timestamp":"2025-10-19T12:15:20.170Z","level":"DEBUG","message":"[AUTH] GET /verify"}
{"timestamp":"2025-10-19T12:15:21.889Z","level":"DEBUG","message":"User auth details retrieved","userId":1}
{"timestamp":"2025-10-19T12:35:21.582Z","level":"DEBUG","message":"[AUTH] POST /check-user"}
{"timestamp":"2025-10-19T12:44:00.881Z","level":"DEBUG","message":"[AUTH] POST /check-user"}
{"timestamp":"2025-10-19T13:30:27.600Z","level":"DEBUG","message":"[AUTH] POST /check-user"}
{"timestamp":"2025-10-19T14:34:46.910Z","level":"DEBUG","message":"[AUTH] POST /check-user"}
{"timestamp":"2025-10-19T14:41:01.986Z","level":"DEBUG","message":"[AUTH] POST /check-user"}
{"timestamp":"2025-10-19T14:44:35.252Z","level":"DEBUG","message":"[AUTH] POST /check-user"}
{"timestamp":"2025-10-19T14:53:24.144Z","level":"DEBUG","message":"[AUTH] POST /check-user"}
{"timestamp":"2025-10-19T15:08:29.434Z","level":"DEBUG","message":"[AUTH] POST /check-user"}
{"timestamp":"2025-10-19T15:10:54.841Z","level":"DEBUG","message":"[AUTH] POST /check-user"}
{"timestamp":"2025-10-19T15:16:09.751Z","level":"DEBUG","message":"[AUTH] POST /check-user"}
{"timestamp":"2025-10-19T15:28:53.599Z","level":"DEBUG","message":"[AUTH] POST /check-user"}
{"timestamp":"2025-10-19T15:29:46.190Z","level":"DEBUG","message":"[SESSION] POST /complete"}
{"timestamp":"2025-10-19T15:38:25.503Z","level":"DEBUG","message":"[AUTH] POST /check-user"}
{"timestamp":"2025-10-19T15:39:28.538Z","level":"DEBUG","message":"[SESSION] POST /complete"}
{"timestamp":"2025-10-19T15:39:32.514Z","level":"DEBUG","message":"User auth details retrieved","userId":1}
{"timestamp":"2025-10-19T15:39:34.010Z","level":"DEBUG","message":"[AUTH] GET /verify"}
{"timestamp":"2025-10-19T15:39:35.893Z","level":"DEBUG","message":"User auth details retrieved","userId":1}
{"timestamp":"2025-10-19T15:39:35.896Z","level":"DEBUG","message":"[AUTH] GET /verify"}
{"timestamp":"2025-10-19T15:39:37.738Z","level":"DEBUG","message":"User auth details retrieved","userId":1}
{"timestamp":"2025-10-19T15:43:04.852Z","level":"DEBUG","message":"[SESSION] POST /logout"}
{"timestamp":"2025-10-19T15:43:29.081Z","level":"DEBUG","message":"[AUTH] POST /check-user"}
{"timestamp":"2025-10-19T15:43:36.036Z","level":"DEBUG","message":"[SESSION] POST /complete"}
{"timestamp":"2025-10-19T15:43:38.173Z","level":"DEBUG","message":"User auth details retrieved","userId":1}
{"timestamp":"2025-10-19T15:43:39.743Z","level":"DEBUG","message":"[AUTH] GET /verify"}
{"timestamp":"2025-10-19T15:43:41.450Z","level":"DEBUG","message":"User auth details retrieved","userId":1}
{"timestamp":"2025-10-19T15:43:41.453Z","level":"DEBUG","message":"[AUTH] GET /verify"}
{"timestamp":"2025-10-19T15:43:43.223Z","level":"DEBUG","message":"User auth details retrieved","userId":1}
{"timestamp":"2025-10-19T16:01:21.415Z","level":"DEBUG","message":"[AUTH] POST /check-user"}
{"timestamp":"2025-10-19T16:01:28.787Z","level":"DEBUG","message":"[SESSION] POST /complete"}
{"timestamp":"2025-10-19T16:01:31.129Z","level":"DEBUG","message":"User auth details retrieved","userId":1}
{"timestamp":"2025-10-19T16:01:32.709Z","level":"DEBUG","message":"[AUTH] GET /verify"}
{"timestamp":"2025-10-19T16:01:34.508Z","level":"DEBUG","message":"User auth details retrieved","userId":1}
{"timestamp":"2025-10-19T16:01:34.511Z","level":"DEBUG","message":"[AUTH] GET /verify"}
{"timestamp":"2025-10-19T16:01:36.351Z","level":"DEBUG","message":"User auth details retrieved","userId":1}
{"timestamp":"2025-10-19T16:02:09.343Z","level":"DEBUG","message":"[AUTH] POST /check-user"}
{"timestamp":"2025-10-19T16:02:14.151Z","level":"DEBUG","message":"[SESSION] POST /complete"}
{"timestamp":"2025-10-19T16:02:16.495Z","level":"DEBUG","message":"User auth details retrieved","userId":1}
{"timestamp":"2025-10-19T16:02:18.130Z","level":"DEBUG","message":"[AUTH] GET /verify"}
{"timestamp":"2025-10-19T16:02:19.871Z","level":"DEBUG","message":"User auth details retrieved","userId":1}
{"timestamp":"2025-10-19T16:02:19.874Z","level":"DEBUG","message":"[AUTH] GET /verify"}
{"timestamp":"2025-10-19T16:02:21.539Z","level":"DEBUG","message":"User auth details retrieved","userId":1}
{"timestamp":"2025-10-19T16:21:23.814Z","level":"DEBUG","message":"[AUTH] POST /check-user"}
{"timestamp":"2025-10-19T16:21:34.965Z","level":"DEBUG","message":"[SESSION] POST /complete"}
{"timestamp":"2025-10-19T16:21:37.309Z","level":"DEBUG","message":"User auth details retrieved","userId":1}
{"timestamp":"2025-10-19T16:27:05.930Z","level":"DEBUG","message":"[SESSION] POST /logout"}
{"timestamp":"2025-10-19T16:27:28.571Z","level":"DEBUG","message":"[AUTH] POST /check-user"}
{"timestamp":"2025-10-19T16:27:39.206Z","level":"DEBUG","message":"[SESSION] POST /complete"}
{"timestamp":"2025-10-19T16:27:41.649Z","level":"DEBUG","message":"User auth details retrieved","userId":1}
{"timestamp":"2025-10-19T16:27:47.814Z","level":"DEBUG","message":"[SESSION] POST /logout"}
{"timestamp":"2025-10-19T16:28:52.043Z","level":"DEBUG","message":"[AUTH] POST /check-user"}
{"timestamp":"2025-10-19T16:28:59.078Z","level":"DEBUG","message":"[SESSION] POST /complete"}
{"timestamp":"2025-10-19T16:29:01.522Z","level":"DEBUG","message":"User auth details retrieved","userId":1}
{"timestamp":"2025-10-19T16:30:39.007Z","level":"DEBUG","message":"[SESSION] POST /logout"}
{"timestamp":"2025-10-19T16:31:03.737Z","level":"DEBUG","message":"[AUTH] POST /check-user"}
{"timestamp":"2025-10-19T16:31:53.985Z","level":"DEBUG","message":"[SESSION] POST /complete"}
{"timestamp":"2025-10-19T16:31:57.651Z","level":"DEBUG","message":"User auth details retrieved","userId":1}
{"timestamp":"2025-10-19T23:53:56.954Z","level":"DEBUG","message":"[AUTH] POST /check-user"}
{"timestamp":"2025-10-19T23:54:03.249Z","level":"DEBUG","message":"[SESSION] POST /complete"}
{"timestamp":"2025-10-19T23:54:05.695Z","level":"DEBUG","message":"User auth details retrieved","userId":1}
{"timestamp":"2025-10-20T02:54:00.011Z","level":"DEBUG","message":"[AUTH] POST /check-user"}
{"timestamp":"2025-10-20T02:54:08.945Z","level":"DEBUG","message":"[SESSION] POST /complete"}
{"timestamp":"2025-10-20T02:54:11.217Z","level":"DEBUG","message":"User auth details retrieved","userId":1}
{"timestamp":"2025-10-20T03:54:57.031Z","level":"DEBUG","message":"[AUTH] POST /check-user"}
{"timestamp":"2025-10-20T04:09:02.969Z","level":"DEBUG","message":"[AUTH] POST /check-user"}
{"timestamp":"2025-10-20T04:09:13.660Z","level":"DEBUG","message":"[SESSION] POST /complete"}
{"timestamp":"2025-10-20T04:09:15.998Z","level":"DEBUG","message":"User auth details retrieved","userId":1}
{"timestamp":"2025-10-20T04:10:14.473Z","level":"DEBUG","message":"[AUTH] POST /check-user"}
{"timestamp":"2025-10-20T04:10:28.923Z","level":"DEBUG","message":"[SESSION] POST /complete"}
{"timestamp":"2025-10-20T04:10:31.193Z","level":"DEBUG","message":"User auth details retrieved","userId":1}
{"timestamp":"2025-10-20T05:09:29.056Z","level":"DEBUG","message":"[AUTH] POST /check-user"}
{"timestamp":"2025-10-20T05:09:37.361Z","level":"DEBUG","message":"[SESSION] POST /complete"}
{"timestamp":"2025-10-20T05:09:39.607Z","level":"DEBUG","message":"User auth details retrieved","userId":1}
{"timestamp":"2025-10-20T05:10:02.989Z","level":"DEBUG","message":"[SESSION] POST /logout"}
{"timestamp":"2025-10-20T05:21:12.250Z","level":"DEBUG","message":"[AUTH] POST /check-user"}
{"timestamp":"2025-10-20T05:21:20.805Z","level":"DEBUG","message":"[SESSION] POST /complete"}
{"timestamp":"2025-10-20T05:21:23.247Z","level":"DEBUG","message":"User auth details retrieved","userId":1}
{"timestamp":"2025-10-20T05:24:28.542Z","level":"DEBUG","message":"[AUTH] POST /check-user"}
{"timestamp":"2025-10-20T05:24:38.438Z","level":"DEBUG","message":"[SESSION] POST /complete"}
{"timestamp":"2025-10-20T05:24:40.574Z","level":"DEBUG","message":"User auth details retrieved","userId":1}
{"timestamp":"2025-10-20T05:44:09.310Z","level":"DEBUG","message":"[AUTH] POST /check-user"}
{"timestamp":"2025-10-20T05:44:22.912Z","level":"DEBUG","message":"[SESSION] POST /complete"}
{"timestamp":"2025-10-20T05:44:25.248Z","level":"DEBUG","message":"User auth details retrieved","userId":1}
{"timestamp":"2025-10-20T05:50:46.738Z","level":"DEBUG","message":"[AUTH] POST /check-user"}
{"timestamp":"2025-10-20T05:50:52.235Z","level":"DEBUG","message":"[SESSION] POST /complete"}
{"timestamp":"2025-10-20T05:50:54.678Z","level":"DEBUG","message":"User auth details retrieved","userId":1}
{"timestamp":"2025-10-20T06:10:18.058Z","level":"DEBUG","message":"[AUTH] POST /check-user"}
{"timestamp":"2025-10-20T06:10:27.697Z","level":"DEBUG","message":"[SESSION] POST /complete"}
{"timestamp":"2025-10-20T06:10:30.034Z","level":"DEBUG","message":"User auth details retrieved","userId":1}
{"timestamp":"2025-10-20T06:28:46.926Z","level":"DEBUG","message":"[AUTH] POST /check-user"}
{"timestamp":"2025-10-20T06:28:56.185Z","level":"DEBUG","message":"[SESSION] POST /complete"}
{"timestamp":"2025-10-20T06:28:58.522Z","level":"DEBUG","message":"User auth details retrieved","userId":1}
{"timestamp":"2025-10-20T06:31:58.785Z","level":"DEBUG","message":"[AUTH] POST /check-user"}
{"timestamp":"2025-10-20T06:32:03.673Z","level":"DEBUG","message":"[SESSION] POST /complete"}
{"timestamp":"2025-10-20T06:32:06.018Z","level":"DEBUG","message":"User auth details retrieved","userId":1}
{"timestamp":"2025-10-20T06:35:14.302Z","level":"DEBUG","message":"[AUTH] POST /check-user"}
{"timestamp":"2025-10-20T06:35:19.714Z","level":"DEBUG","message":"[SESSION] POST /complete"}
{"timestamp":"2025-10-20T06:35:22.454Z","level":"DEBUG","message":"User auth details retrieved","userId":1}
{"timestamp":"2025-10-20T09:31:17.724Z","level":"DEBUG","message":"[AUTH] POST /check-user"}
{"timestamp":"2025-10-20T09:37:00.592Z","level":"DEBUG","message":"[AUTH] POST /check-user"}
{"timestamp":"2025-10-20T09:38:47.977Z","level":"DEBUG","message":"[AUTH] POST /check-user"}
{"timestamp":"2025-10-20T09:38:54.005Z","level":"DEBUG","message":"[SESSION] POST /complete"}
{"timestamp":"2025-10-20T09:38:56.344Z","level":"DEBUG","message":"User auth details retrieved","userId":1}
{"timestamp":"2025-10-20T10:15:31.187Z","level":"DEBUG","message":"[AUTH] POST /check-user"}
{"timestamp":"2025-10-20T10:17:24.347Z","level":"DEBUG","message":"[AUTH] POST /check-user"}
{"timestamp":"2025-10-20T10:17:32.664Z","level":"DEBUG","message":"[SESSION] POST /complete"}
{"timestamp":"2025-10-20T10:17:35.106Z","level":"DEBUG","message":"User auth details retrieved","userId":1}
{"timestamp":"2025-10-20T10:20:28.320Z","level":"DEBUG","message":"[AUTH] POST /check-user"}
{"timestamp":"2025-10-20T10:29:26.703Z","level":"DEBUG","message":"[AUTH] POST /check-user"}
{"timestamp":"2025-10-20T10:29:35.202Z","level":"DEBUG","message":"[SESSION] POST /complete"}
{"timestamp":"2025-10-20T10:29:37.646Z","level":"DEBUG","message":"User auth details retrieved","userId":1}
{"timestamp":"2025-10-20T10:32:26.726Z","level":"DEBUG","message":"[AUTH] POST /check-user"}
{"timestamp":"2025-10-20T10:32:32.256Z","level":"DEBUG","message":"[SESSION] POST /complete"}
{"timestamp":"2025-10-20T10:32:34.698Z","level":"DEBUG","message":"User auth details retrieved","userId":1}
{"timestamp":"2025-10-20T10:35:47.652Z","level":"DEBUG","message":"[AUTH] POST /check-user"}
{"timestamp":"2025-10-20T10:35:52.654Z","level":"DEBUG","message":"[SESSION] POST /complete"}
{"timestamp":"2025-10-20T10:35:55.096Z","level":"DEBUG","message":"User auth details retrieved","userId":1}
{"timestamp":"2025-10-20T10:40:42.316Z","level":"DEBUG","message":"[AUTH] POST /check-user"}
{"timestamp":"2025-10-20T10:40:47.465Z","level":"DEBUG","message":"[SESSION] POST /complete"}
{"timestamp":"2025-10-20T10:40:49.908Z","level":"DEBUG","message":"User auth details retrieved","userId":1}
{"timestamp":"2025-10-20T10:48:17.412Z","level":"DEBUG","message":"[AUTH] POST /check-user"}
{"timestamp":"2025-10-20T10:48:22.944Z","level":"DEBUG","message":"[SESSION] POST /complete"}
{"timestamp":"2025-10-20T10:48:25.286Z","level":"DEBUG","message":"User auth details retrieved","userId":1}
{"timestamp":"2025-10-21T00:11:36.406Z","level":"DEBUG","message":"[AUTH] POST /check-user"}
{"timestamp":"2025-10-21T00:55:10.709Z","level":"DEBUG","message":"[AUTH] POST /check-user"}
{"timestamp":"2025-10-21T00:55:21.381Z","level":"DEBUG","message":"[SESSION] POST /complete"}
{"timestamp":"2025-10-21T00:55:23.719Z","level":"DEBUG","message":"User auth details retrieved","userId":1}
{"timestamp":"2025-10-21T04:01:29.943Z","level":"DEBUG","message":"[AUTH] POST /check-user"}
{"timestamp":"2025-10-21T04:01:35.043Z","level":"DEBUG","message":"[SESSION] POST /complete"}
{"timestamp":"2025-10-21T04:01:37.481Z","level":"DEBUG","message":"User auth details retrieved","userId":1}
{"timestamp":"2025-10-21T04:08:38.599Z","level":"DEBUG","message":"[AUTH] POST /check-user"}
{"timestamp":"2025-10-21T04:08:44.099Z","level":"DEBUG","message":"[SESSION] POST /complete"}
{"timestamp":"2025-10-21T04:08:46.439Z","level":"DEBUG","message":"User auth details retrieved","userId":1}
{"timestamp":"2025-10-21T04:14:24.873Z","level":"DEBUG","message":"[AUTH] POST /check-user"}
{"timestamp":"2025-10-21T04:14:29.674Z","level":"DEBUG","message":"[SESSION] POST /complete"}
{"timestamp":"2025-10-21T04:14:32.041Z","level":"DEBUG","message":"User auth details retrieved","userId":1}
{"timestamp":"2025-10-21T04:23:26.223Z","level":"DEBUG","message":"[AUTH] POST /check-user"}
{"timestamp":"2025-10-21T04:23:31.202Z","level":"DEBUG","message":"[SESSION] POST /complete"}
{"timestamp":"2025-10-21T04:23:33.434Z","level":"DEBUG","message":"User auth details retrieved","userId":1}
{"timestamp":"2025-10-21T04:30:47.551Z","level":"DEBUG","message":"[AUTH] POST /check-user"}
{"timestamp":"2025-10-21T04:30:52.576Z","level":"DEBUG","message":"[SESSION] POST /complete"}
{"timestamp":"2025-10-21T04:30:54.987Z","level":"DEBUG","message":"User auth details retrieved","userId":1}
{"timestamp":"2025-10-21T04:38:24.534Z","level":"DEBUG","message":"[AUTH] POST /check-user"}
{"timestamp":"2025-10-21T04:38:29.558Z","level":"DEBUG","message":"[SESSION] POST /complete"}
{"timestamp":"2025-10-21T04:38:31.898Z","level":"DEBUG","message":"User auth details retrieved","userId":1}
{"timestamp":"2025-10-21T04:43:04.304Z","level":"DEBUG","message":"[AUTH] POST /check-user"}
{"timestamp":"2025-10-21T04:43:09.169Z","level":"DEBUG","message":"[SESSION] POST /complete"}
{"timestamp":"2025-10-21T04:43:11.658Z","level":"DEBUG","message":"User auth details retrieved","userId":1}
{"timestamp":"2025-10-21T04:47:22.333Z","level":"DEBUG","message":"[AUTH] POST /check-user"}
{"timestamp":"2025-10-21T04:47:27.377Z","level":"DEBUG","message":"[SESSION] POST /complete"}
{"timestamp":"2025-10-21T04:47:29.710Z","level":"DEBUG","message":"User auth details retrieved","userId":1}
{"timestamp":"2025-10-21T04:50:39.849Z","level":"DEBUG","message":"[AUTH] POST /check-user"}
{"timestamp":"2025-10-21T04:50:44.597Z","level":"DEBUG","message":"[SESSION] POST /complete"}
{"timestamp":"2025-10-21T04:50:46.829Z","level":"DEBUG","message":"User auth details retrieved","userId":1}
{"timestamp":"2025-10-21T05:07:48.174Z","level":"DEBUG","message":"[AUTH] POST /check-user"}
{"timestamp":"2025-10-21T05:08:43.052Z","level":"DEBUG","message":"[SESSION] POST /complete"}
{"timestamp":"2025-10-21T05:08:45.417Z","level":"DEBUG","message":"User auth details retrieved","userId":1}
{"timestamp":"2025-10-21T05:15:11.958Z","level":"DEBUG","message":"[AUTH] POST /check-user"}
{"timestamp":"2025-10-21T05:15:17.220Z","level":"DEBUG","message":"[SESSION] POST /complete"}
{"timestamp":"2025-10-21T05:15:19.486Z","level":"DEBUG","message":"User auth details retrieved","userId":1}
{"timestamp":"2025-10-21T05:19:11.199Z","level":"DEBUG","message":"[AUTH] POST /check-user"}
{"timestamp":"2025-10-21T05:19:16.836Z","level":"DEBUG","message":"[SESSION] POST /complete"}
{"timestamp":"2025-10-21T05:19:19.073Z","level":"DEBUG","message":"User auth details retrieved","userId":1}
{"timestamp":"2025-10-21T05:21:55.672Z","level":"DEBUG","message":"[AUTH] POST /check-user"}
{"timestamp":"2025-10-21T05:22:00.881Z","level":"DEBUG","message":"[SESSION] POST /complete"}
{"timestamp":"2025-10-21T05:22:03.222Z","level":"DEBUG","message":"User auth details retrieved","userId":1}
{"timestamp":"2025-10-21T05:57:17.998Z","level":"DEBUG","message":"[AUTH] POST /check-user"}
{"timestamp":"2025-10-21T05:57:23.198Z","level":"DEBUG","message":"[SESSION] POST /complete"}
{"timestamp":"2025-10-21T05:57:25.477Z","level":"DEBUG","message":"User auth details retrieved","userId":1}
{"timestamp":"2025-10-21T05:58:53.605Z","level":"DEBUG","message":"[AUTH] POST /check-user"}
{"timestamp":"2025-10-21T05:58:58.394Z","level":"DEBUG","message":"[SESSION] POST /complete"}
{"timestamp":"2025-10-21T05:59:00.637Z","level":"DEBUG","message":"User auth details retrieved","userId":1}
{"timestamp":"2025-10-21T06:04:58.902Z","level":"DEBUG","message":"[AUTH] POST /check-user"}
{"timestamp":"2025-10-21T06:05:05.479Z","level":"DEBUG","message":"[SESSION] POST /complete"}
{"timestamp":"2025-10-21T06:05:07.920Z","level":"DEBUG","message":"User auth details retrieved","userId":1}
{"timestamp":"2025-10-21T11:47:22.191Z","level":"DEBUG","message":"[AUTH] POST /check-user"}
{"timestamp":"2025-10-21T11:47:28.712Z","level":"DEBUG","message":"[SESSION] POST /complete"}
{"timestamp":"2025-10-21T11:47:32.623Z","level":"DEBUG","message":"User auth details retrieved","userId":1}
{"timestamp":"2025-10-21T11:49:14.379Z","level":"DEBUG","message":"[AUTH] POST /check-user"}
{"timestamp":"2025-10-21T11:49:23.809Z","level":"DEBUG","message":"[SESSION] POST /complete"}
{"timestamp":"2025-10-21T11:49:27.481Z","level":"DEBUG","message":"User auth details retrieved","userId":1}
{"timestamp":"2025-10-21T11:51:15.025Z","level":"DEBUG","message":"[AUTH] POST /check-user"}
{"timestamp":"2025-10-21T11:51:24.541Z","level":"DEBUG","message":"[SESSION] POST /complete"}
{"timestamp":"2025-10-21T11:51:28.416Z","level":"DEBUG","message":"User auth details retrieved","userId":1}
{"timestamp":"2025-10-21T12:18:27.729Z","level":"DEBUG","message":"[AUTH] POST /check-user"}
{"timestamp":"2025-10-21T12:18:32.411Z","level":"DEBUG","message":"[SESSION] POST /complete"}
{"timestamp":"2025-10-21T12:18:36.486Z","level":"DEBUG","message":"User auth details retrieved","userId":1}
{"timestamp":"2025-10-21T12:28:27.006Z","level":"DEBUG","message":"[AUTH] POST /check-user"}
{"timestamp":"2025-10-21T12:28:32.869Z","level":"DEBUG","message":"[SESSION] POST /complete"}
{"timestamp":"2025-10-21T12:28:36.861Z","level":"DEBUG","message":"User auth details retrieved","userId":1}
{"timestamp":"2025-10-21T12:32:44.033Z","level":"DEBUG","message":"[AUTH] POST /check-user"}
{"timestamp":"2025-10-21T12:32:49.489Z","level":"DEBUG","message":"[SESSION] POST /complete"}
{"timestamp":"2025-10-21T12:32:53.246Z","level":"DEBUG","message":"User auth details retrieved","userId":1}
{"timestamp":"2025-10-21T12:37:59.067Z","level":"DEBUG","message":"[AUTH] POST /check-user"}
{"timestamp":"2025-10-21T12:38:05.088Z","level":"DEBUG","message":"[SESSION] POST /complete"}
{"timestamp":"2025-10-21T12:38:09.029Z","level":"DEBUG","message":"User auth details retrieved","userId":1}
{"timestamp":"2025-10-21T12:43:59.180Z","level":"DEBUG","message":"[AUTH] POST /check-user"}
{"timestamp":"2025-10-21T12:44:04.106Z","level":"DEBUG","message":"[SESSION] POST /complete"}
{"timestamp":"2025-10-21T12:44:07.992Z","level":"DEBUG","message":"User auth details retrieved","userId":1}
{"timestamp":"2025-10-21T12:46:01.859Z","level":"DEBUG","message":"[AUTH] POST /check-user"}
{"timestamp":"2025-10-21T12:46:06.783Z","level":"DEBUG","message":"[SESSION] POST /complete"}
{"timestamp":"2025-10-21T12:46:10.670Z","level":"DEBUG","message":"User auth details retrieved","userId":1}
{"timestamp":"2025-10-21T12:49:14.613Z","level":"DEBUG","message":"[AUTH] POST /check-user"}
{"timestamp":"2025-10-21T12:49:19.399Z","level":"DEBUG","message":"[SESSION] POST /complete"}
{"timestamp":"2025-10-21T12:49:23.284Z","level":"DEBUG","message":"User auth details retrieved","userId":1}
{"timestamp":"2025-10-21T12:52:59.565Z","level":"DEBUG","message":"[AUTH] POST /check-user"}
{"timestamp":"2025-10-21T12:53:10.271Z","level":"DEBUG","message":"[SESSION] POST /complete"}
{"timestamp":"2025-10-21T12:53:14.096Z","level":"DEBUG","message":"User auth details retrieved","userId":1}
{"timestamp":"2025-10-21T13:05:57.861Z","level":"DEBUG","message":"[AUTH] POST /check-user"}
{"timestamp":"2025-10-21T13:06:04.668Z","level":"DEBUG","message":"[SESSION] POST /complete"}
{"timestamp":"2025-10-21T13:06:08.245Z","level":"DEBUG","message":"User auth details retrieved","userId":1}
{"timestamp":"2025-10-21T13:08:22.354Z","level":"DEBUG","message":"[AUTH] POST /check-user"}
{"timestamp":"2025-10-21T13:08:27.823Z","level":"DEBUG","message":"[SESSION] POST /complete"}
{"timestamp":"2025-10-21T13:08:31.607Z","level":"DEBUG","message":"User auth details retrieved","userId":1}
{"timestamp":"2025-10-21T13:14:32.794Z","level":"DEBUG","message":"[AUTH] POST /check-user"}
{"timestamp":"2025-10-21T13:14:37.902Z","level":"DEBUG","message":"[SESSION] POST /complete"}
{"timestamp":"2025-10-21T13:14:41.581Z","level":"DEBUG","message":"User auth details retrieved","userId":1}
{"timestamp":"2025-10-21T13:17:53.038Z","level":"DEBUG","message":"[AUTH] POST /check-user"}
{"timestamp":"2025-10-21T13:17:58.299Z","level":"DEBUG","message":"[SESSION] POST /complete"}
{"timestamp":"2025-10-21T13:18:01.979Z","level":"DEBUG","message":"User auth details retrieved","userId":1}
{"timestamp":"2025-10-21T13:20:36.324Z","level":"DEBUG","message":"[AUTH] POST /check-user"}
{"timestamp":"2025-10-21T13:20:41.833Z","level":"DEBUG","message":"[SESSION] POST /complete"}
{"timestamp":"2025-10-21T13:20:45.514Z","level":"DEBUG","message":"User auth details retrieved","userId":1}
{"timestamp":"2025-10-21T16:34:38.666Z","level":"DEBUG","message":"[AUTH] POST /check-user"}
{"timestamp":"2025-10-21T16:34:58.121Z","level":"DEBUG","message":"[SESSION] POST /complete"}
{"timestamp":"2025-10-21T16:35:02.416Z","level":"DEBUG","message":"User auth details retrieved","userId":1}
{"timestamp":"2025-10-21T16:56:48.389Z","level":"DEBUG","message":"[AUTH] POST /check-user"}
{"timestamp":"2025-10-21T16:58:40.668Z","level":"DEBUG","message":"[SESSION] POST /complete"}
{"timestamp":"2025-10-21T16:58:44.757Z","level":"DEBUG","message":"User auth details retrieved","userId":1}
{"timestamp":"2025-10-21T17:11:35.173Z","level":"DEBUG","message":"[AUTH] POST /check-user"}
{"timestamp":"2025-10-21T17:11:40.145Z","level":"DEBUG","message":"[SESSION] POST /complete"}
{"timestamp":"2025-10-21T17:11:43.927Z","level":"DEBUG","message":"User auth details retrieved","userId":1}
{"timestamp":"2025-10-21T18:12:27.362Z","level":"DEBUG","message":"[AUTH] POST /check-user"}
{"timestamp":"2025-10-21T18:12:33.188Z","level":"DEBUG","message":"[SESSION] POST /complete"}
{"timestamp":"2025-10-21T18:12:37.275Z","level":"DEBUG","message":"User auth details retrieved","userId":1}
{"timestamp":"2025-10-21T18:58:17.384Z","level":"DEBUG","message":"[AUTH] POST /check-user"}
{"timestamp":"2025-10-21T18:58:22.956Z","level":"DEBUG","message":"[SESSION] POST /complete"}
{"timestamp":"2025-10-21T18:58:26.840Z","level":"DEBUG","message":"User auth details retrieved","userId":1}
{"timestamp":"2025-10-21T18:59:46.838Z","level":"DEBUG","message":"[AUTH] POST /check-user"}
{"timestamp":"2025-10-21T18:59:53.309Z","level":"DEBUG","message":"[SESSION] POST /complete"}
{"timestamp":"2025-10-21T18:59:57.504Z","level":"DEBUG","message":"User auth details retrieved","userId":1}
{"timestamp":"2025-10-21T19:04:39.459Z","level":"DEBUG","message":"[AUTH] POST /check-user"}
{"timestamp":"2025-10-21T19:04:44.809Z","level":"DEBUG","message":"[SESSION] POST /complete"}
{"timestamp":"2025-10-21T19:04:49.206Z","level":"DEBUG","message":"User auth details retrieved","userId":1}
{"timestamp":"2025-10-21T19:09:03.487Z","level":"DEBUG","message":"[AUTH] POST /check-user"}
{"timestamp":"2025-10-21T19:09:13.919Z","level":"DEBUG","message":"[SESSION] POST /complete"}
{"timestamp":"2025-10-21T19:09:18.368Z","level":"DEBUG","message":"User auth details retrieved","userId":1}
{"timestamp":"2025-10-21T19:10:38.323Z","level":"DEBUG","message":"[AUTH] POST /check-user"}
{"timestamp":"2025-10-21T19:10:47.408Z","level":"DEBUG","message":"[SESSION] POST /complete"}
{"timestamp":"2025-10-21T19:10:51.199Z","level":"DEBUG","message":"User auth details retrieved","userId":1}
{"timestamp":"2025-10-21T19:18:51.469Z","level":"DEBUG","message":"[AUTH] POST /check-user"}
{"timestamp":"2025-10-21T19:21:46.052Z","level":"DEBUG","message":"[SESSION] POST /complete"}
{"timestamp":"2025-10-21T19:21:49.938Z","level":"DEBUG","message":"User auth details retrieved","userId":1}
{"timestamp":"2025-10-21T19:23:02.549Z","level":"DEBUG","message":"[AUTH] POST /check-user"}
{"timestamp":"2025-10-21T19:23:08.986Z","level":"DEBUG","message":"[SESSION] POST /complete"}
{"timestamp":"2025-10-21T19:23:12.883Z","level":"DEBUG","message":"User auth details retrieved","userId":1}
{"timestamp":"2025-10-21T19:28:08.313Z","level":"DEBUG","message":"[AUTH] POST /check-user"}
{"timestamp":"2025-10-21T19:28:21.957Z","level":"DEBUG","message":"[SESSION] POST /complete"}
{"timestamp":"2025-10-21T19:28:26.127Z","level":"DEBUG","message":"User auth details retrieved","userId":1}
{"timestamp":"2025-10-21T19:31:51.096Z","level":"DEBUG","message":"[AUTH] POST /check-user"}
{"timestamp":"2025-10-21T19:31:56.259Z","level":"DEBUG","message":"[SESSION] POST /complete"}
{"timestamp":"2025-10-21T19:32:00.199Z","level":"DEBUG","message":"User auth details retrieved","userId":1}
{"timestamp":"2025-10-21T19:36:49.976Z","level":"DEBUG","message":"[AUTH] POST /check-user"}
{"timestamp":"2025-10-21T19:36:56.602Z","level":"DEBUG","message":"[SESSION] POST /complete"}
{"timestamp":"2025-10-21T19:37:00.489Z","level":"DEBUG","message":"User auth details retrieved","userId":1}
{"timestamp":"2025-10-21T19:42:37.208Z","level":"DEBUG","message":"[AUTH] POST /check-user"}
{"timestamp":"2025-10-21T19:42:44.458Z","level":"DEBUG","message":"[SESSION] POST /complete"}
{"timestamp":"2025-10-21T19:42:48.342Z","level":"DEBUG","message":"User auth details retrieved","userId":1}
{"timestamp":"2025-10-21T19:47:28.706Z","level":"DEBUG","message":"[AUTH] POST /check-user"}
{"timestamp":"2025-10-21T19:47:34.661Z","level":"DEBUG","message":"[SESSION] POST /complete"}
{"timestamp":"2025-10-21T19:47:38.578Z","level":"DEBUG","message":"User auth details retrieved","userId":1}
{"timestamp":"2025-10-21T19:51:53.982Z","level":"DEBUG","message":"[AUTH] POST /check-user"}
{"timestamp":"2025-10-21T19:52:06.433Z","level":"DEBUG","message":"[SESSION] POST /complete"}
{"timestamp":"2025-10-21T19:52:10.420Z","level":"DEBUG","message":"User auth details retrieved","userId":1}
{"timestamp":"2025-10-21T20:20:48.133Z","level":"DEBUG","message":"[AUTH] POST /check-user"}
{"timestamp":"2025-10-21T20:20:53.319Z","level":"DEBUG","message":"[SESSION] POST /complete"}
{"timestamp":"2025-10-21T20:20:57.410Z","level":"DEBUG","message":"User auth details retrieved","userId":1}
{"timestamp":"2025-10-21T20:26:08.103Z","level":"DEBUG","message":"[AUTH] POST /check-user"}
{"timestamp":"2025-10-21T20:26:14.243Z","level":"DEBUG","message":"[SESSION] POST /complete"}
{"timestamp":"2025-10-21T20:26:18.167Z","level":"DEBUG","message":"User auth details retrieved","userId":1}
{"timestamp":"2025-10-22T04:04:14.243Z","level":"DEBUG","message":"[AUTH] POST /check-user"}
{"timestamp":"2025-10-22T04:04:19.953Z","level":"DEBUG","message":"[SESSION] POST /complete"}
{"timestamp":"2025-10-22T04:04:24.147Z","level":"DEBUG","message":"User auth details retrieved","userId":1}
{"timestamp":"2025-10-22T09:19:19.043Z","level":"DEBUG","message":"[AUTH] POST /check-user"}
{"timestamp":"2025-10-22T09:47:51.138Z","level":"DEBUG","message":"[AUTH] POST /check-user"}
{"timestamp":"2025-10-22T09:47:57.155Z","level":"DEBUG","message":"[SESSION] POST /complete"}
{"timestamp":"2025-10-22T09:48:01.623Z","level":"DEBUG","message":"User auth details retrieved","userId":1}
{"timestamp":"2025-10-22T09:51:48.941Z","level":"DEBUG","message":"[AUTH] POST /check-user"}
{"timestamp":"2025-10-22T09:51:53.904Z","level":"DEBUG","message":"[SESSION] POST /complete"}
{"timestamp":"2025-10-22T09:51:58.003Z","level":"DEBUG","message":"User auth details retrieved","userId":1}
{"timestamp":"2025-10-22T09:56:32.080Z","level":"DEBUG","message":"[AUTH] POST /check-user"}
{"timestamp":"2025-10-22T09:56:37.251Z","level":"DEBUG","message":"[SESSION] POST /complete"}
{"timestamp":"2025-10-22T09:56:41.244Z","level":"DEBUG","message":"User auth details retrieved","userId":1}
{"timestamp":"2025-10-22T10:20:58.192Z","level":"DEBUG","message":"[AUTH] POST /check-user"}
{"timestamp":"2025-10-22T10:21:03.908Z","level":"DEBUG","message":"[SESSION] POST /complete"}
{"timestamp":"2025-10-22T10:21:07.684Z","level":"DEBUG","message":"User auth details retrieved","userId":1}
{"timestamp":"2025-10-22T10:29:37.306Z","level":"DEBUG","message":"[AUTH] POST /check-user"}
{"timestamp":"2025-10-22T10:29:42.049Z","level":"DEBUG","message":"[SESSION] POST /complete"}
{"timestamp":"2025-10-22T10:29:45.934Z","level":"DEBUG","message":"User auth details retrieved","userId":1}
{"timestamp":"2025-10-22T10:48:18.546Z","level":"DEBUG","message":"[AUTH] POST /check-user"}
{"timestamp":"2025-10-22T10:48:24.977Z","level":"DEBUG","message":"[SESSION] POST /complete"}
{"timestamp":"2025-10-22T10:48:28.796Z","level":"DEBUG","message":"User auth details retrieved","userId":1}
{"timestamp":"2025-10-22T10:53:02.149Z","level":"DEBUG","message":"[AUTH] POST /check-user"}
{"timestamp":"2025-10-22T10:53:34.432Z","level":"DEBUG","message":"[SESSION] POST /complete"}
{"timestamp":"2025-10-22T10:53:38.419Z","level":"DEBUG","message":"User auth details retrieved","userId":1}
{"timestamp":"2025-10-22T11:23:30.432Z","level":"DEBUG","message":"[AUTH] POST /check-user"}
{"timestamp":"2025-10-22T11:24:59.941Z","level":"DEBUG","message":"[SESSION] POST /complete"}
{"timestamp":"2025-10-22T11:25:03.999Z","level":"DEBUG","message":"User auth details retrieved","userId":1}
{"timestamp":"2025-10-22T11:34:40.619Z","level":"DEBUG","message":"[AUTH] POST /check-user"}
{"timestamp":"2025-10-22T11:34:45.675Z","level":"DEBUG","message":"[SESSION] POST /complete"}
{"timestamp":"2025-10-22T11:34:49.560Z","level":"DEBUG","message":"User auth details retrieved","userId":1}
{"timestamp":"2025-10-22T11:43:35.851Z","level":"DEBUG","message":"[AUTH] POST /check-user"}
{"timestamp":"2025-10-22T11:43:42.050Z","level":"DEBUG","message":"[SESSION] POST /complete"}
{"timestamp":"2025-10-22T11:43:45.833Z","level":"DEBUG","message":"User auth details retrieved","userId":1}
{"timestamp":"2025-10-22T15:02:36.681Z","level":"DEBUG","message":"[AUTH] POST /check-user"}
{"timestamp":"2025-10-22T15:02:42.156Z","level":"DEBUG","message":"[SESSION] POST /complete"}
{"timestamp":"2025-10-22T15:02:46.474Z","level":"DEBUG","message":"User auth details retrieved","userId":1}
{"timestamp":"2025-10-22T16:48:08.495Z","level":"DEBUG","message":"[AUTH] POST /check-user"}
{"timestamp":"2025-10-22T16:48:13.951Z","level":"DEBUG","message":"[SESSION] POST /complete"}
{"timestamp":"2025-10-22T16:48:17.735Z","level":"DEBUG","message":"User auth details retrieved","userId":1}
{"timestamp":"2025-10-22T16:57:02.569Z","level":"DEBUG","message":"[AUTH] POST /check-user"}
{"timestamp":"2025-10-22T16:57:08.288Z","level":"DEBUG","message":"[SESSION] POST /complete"}
{"timestamp":"2025-10-22T16:57:12.061Z","level":"DEBUG","message":"User auth details retrieved","userId":1}
{"timestamp":"2025-10-22T17:02:27.706Z","level":"DEBUG","message":"[AUTH] POST /check-user"}
{"timestamp":"2025-10-22T17:02:34.526Z","level":"DEBUG","message":"[SESSION] POST /complete"}
{"timestamp":"2025-10-22T17:02:38.515Z","level":"DEBUG","message":"User auth details retrieved","userId":1}
{"timestamp":"2025-10-22T17:13:55.669Z","level":"DEBUG","message":"[AUTH] POST /check-user"}
{"timestamp":"2025-10-22T17:14:06.346Z","level":"DEBUG","message":"[SESSION] POST /complete"}
{"timestamp":"2025-10-22T17:14:10.567Z","level":"DEBUG","message":"User auth details retrieved","userId":1}
{"timestamp":"2025-10-22T17:15:30.603Z","level":"DEBUG","message":"[AUTH] POST /check-user"}
{"timestamp":"2025-10-22T17:15:38.302Z","level":"DEBUG","message":"[SESSION] POST /complete"}
{"timestamp":"2025-10-22T17:15:42.290Z","level":"DEBUG","message":"User auth details retrieved","userId":1}
{"timestamp":"2025-10-22T17:18:03.519Z","level":"DEBUG","message":"[AUTH] POST /check-user"}
{"timestamp":"2025-10-22T17:18:08.626Z","level":"DEBUG","message":"[SESSION] POST /complete"}
{"timestamp":"2025-10-22T17:18:12.409Z","level":"DEBUG","message":"User auth details retrieved","userId":1}
{"timestamp":"2025-10-22T17:26:48.150Z","level":"DEBUG","message":"[AUTH] POST /check-user"}
{"timestamp":"2025-10-22T17:26:52.816Z","level":"DEBUG","message":"[SESSION] POST /complete"}
{"timestamp":"2025-10-22T17:26:56.497Z","level":"DEBUG","message":"User auth details retrieved","userId":1}
{"timestamp":"2025-10-22T17:29:34.155Z","level":"DEBUG","message":"[AUTH] POST /check-user"}
{"timestamp":"2025-10-22T17:29:43.006Z","level":"DEBUG","message":"[SESSION] POST /complete"}
{"timestamp":"2025-10-22T17:29:47.096Z","level":"DEBUG","message":"User auth details retrieved","userId":1}
{"timestamp":"2025-10-22T17:35:22.091Z","level":"DEBUG","message":"[AUTH] POST /check-user"}
{"timestamp":"2025-10-22T17:35:27.133Z","level":"DEBUG","message":"[SESSION] POST /complete"}
{"timestamp":"2025-10-22T17:35:31.060Z","level":"DEBUG","message":"User auth details retrieved","userId":1}
{"timestamp":"2025-10-22T17:38:29.482Z","level":"DEBUG","message":"[AUTH] POST /check-user"}
{"timestamp":"2025-10-22T17:38:34.363Z","level":"DEBUG","message":"[SESSION] POST /complete"}
{"timestamp":"2025-10-22T17:38:38.249Z","level":"DEBUG","message":"User auth details retrieved","userId":1}
{"timestamp":"2025-10-22T17:54:13.631Z","level":"DEBUG","message":"[AUTH] POST /check-user"}
{"timestamp":"2025-10-22T17:54:18.909Z","level":"DEBUG","message":"[SESSION] POST /complete"}
{"timestamp":"2025-10-22T17:54:22.693Z","level":"DEBUG","message":"User auth details retrieved","userId":1}
{"timestamp":"2025-10-22T17:57:53.563Z","level":"DEBUG","message":"[AUTH] POST /check-user"}
{"timestamp":"2025-10-22T17:57:58.559Z","level":"DEBUG","message":"[SESSION] POST /complete"}
{"timestamp":"2025-10-22T17:58:02.751Z","level":"DEBUG","message":"User auth details retrieved","userId":1}
{"timestamp":"2025-10-22T17:58:46.571Z","level":"DEBUG","message":"[AUTH] POST /check-user"}
{"timestamp":"2025-10-22T17:58:52.522Z","level":"DEBUG","message":"[SESSION] POST /complete"}
{"timestamp":"2025-10-22T17:58:56.204Z","level":"DEBUG","message":"User auth details retrieved","userId":1}
{"timestamp":"2025-10-22T18:02:00.958Z","level":"DEBUG","message":"[AUTH] POST /check-user"}
{"timestamp":"2025-10-22T18:03:57.269Z","level":"DEBUG","message":"[SESSION] POST /complete"}
{"timestamp":"2025-10-22T18:04:00.365Z","level":"DEBUG","message":"User auth details retrieved","userId":1}
{"timestamp":"2025-10-22T18:04:53.349Z","level":"DEBUG","message":"[AUTH] POST /check-user"}
{"timestamp":"2025-10-22T18:05:00.653Z","level":"DEBUG","message":"[SESSION] POST /complete"}
{"timestamp":"2025-10-22T18:05:05.268Z","level":"DEBUG","message":"User auth details retrieved","userId":1}
{"timestamp":"2025-10-22T18:10:38.677Z","level":"DEBUG","message":"[AUTH] POST /check-user"}
{"timestamp":"2025-10-22T18:10:46.987Z","level":"DEBUG","message":"[SESSION] POST /complete"}
{"timestamp":"2025-10-22T18:10:51.196Z","level":"DEBUG","message":"User auth details retrieved","userId":1}
{"timestamp":"2025-10-22T23:37:36.326Z","level":"DEBUG","message":"[AUTH] POST /check-user"}
{"timestamp":"2025-10-22T23:37:45.537Z","level":"DEBUG","message":"[SESSION] POST /complete"}
{"timestamp":"2025-10-22T23:37:49.526Z","level":"DEBUG","message":"User auth details retrieved","userId":1}
{"timestamp":"2025-10-22T23:50:36.382Z","level":"DEBUG","message":"[AUTH] POST /check-user"}
{"timestamp":"2025-10-22T23:50:43.797Z","level":"DEBUG","message":"[SESSION] POST /complete"}
{"timestamp":"2025-10-22T23:50:47.673Z","level":"DEBUG","message":"User auth details retrieved","userId":1}
{"timestamp":"2025-10-23T00:04:33.248Z","level":"DEBUG","message":"[AUTH] POST /check-user"}
{"timestamp":"2025-10-23T00:04:39.276Z","level":"DEBUG","message":"[SESSION] POST /complete"}
{"timestamp":"2025-10-23T00:04:43.264Z","level":"DEBUG","message":"User auth details retrieved","userId":1}
{"timestamp":"2025-10-23T00:14:51.634Z","level":"DEBUG","message":"[AUTH] POST /check-user"}
{"timestamp":"2025-10-23T00:14:56.857Z","level":"DEBUG","message":"[SESSION] POST /complete"}
{"timestamp":"2025-10-23T00:15:00.845Z","level":"DEBUG","message":"User auth details retrieved","userId":1}
{"timestamp":"2025-10-23T00:19:54.746Z","level":"DEBUG","message":"[AUTH] POST /check-user"}
{"timestamp":"2025-10-23T00:20:00.280Z","level":"DEBUG","message":"[SESSION] POST /complete"}
{"timestamp":"2025-10-23T00:20:03.989Z","level":"DEBUG","message":"User auth details retrieved","userId":1}
{"timestamp":"2025-10-23T00:22:10.474Z","level":"DEBUG","message":"[AUTH] POST /check-user"}
{"timestamp":"2025-10-23T00:22:15.761Z","level":"DEBUG","message":"[SESSION] POST /complete"}
{"timestamp":"2025-10-23T00:22:19.735Z","level":"DEBUG","message":"User auth details retrieved","userId":1}
{"timestamp":"2025-10-23T00:30:57.209Z","level":"DEBUG","message":"[AUTH] POST /check-user"}
{"timestamp":"2025-10-23T00:31:03.337Z","level":"DEBUG","message":"[SESSION] POST /complete"}
{"timestamp":"2025-10-23T00:31:07.202Z","level":"DEBUG","message":"User auth details retrieved","userId":1}
{"timestamp":"2025-10-23T00:37:49.306Z","level":"DEBUG","message":"[AUTH] POST /check-user"}
{"timestamp":"2025-10-23T00:37:59.271Z","level":"DEBUG","message":"[SESSION] POST /complete"}
{"timestamp":"2025-10-23T00:38:03.259Z","level":"DEBUG","message":"User auth details retrieved","userId":1}
{"timestamp":"2025-10-23T01:05:59.073Z","level":"DEBUG","message":"[AUTH] POST /check-user"}
{"timestamp":"2025-10-23T01:06:04.274Z","level":"DEBUG","message":"[SESSION] POST /complete"}
{"timestamp":"2025-10-23T01:06:08.057Z","level":"DEBUG","message":"User auth details retrieved","userId":1}
{"timestamp":"2025-10-23T01:12:03.929Z","level":"DEBUG","message":"[AUTH] POST /check-user"}
{"timestamp":"2025-10-23T01:12:10.288Z","level":"DEBUG","message":"[SESSION] POST /complete"}
{"timestamp":"2025-10-23T01:12:14.139Z","level":"DEBUG","message":"User auth details retrieved","userId":1}
{"timestamp":"2025-10-23T01:20:48.366Z","level":"DEBUG","message":"[AUTH] POST /check-user"}
{"timestamp":"2025-10-23T01:20:54.545Z","level":"DEBUG","message":"[SESSION] POST /complete"}
{"timestamp":"2025-10-23T01:20:58.431Z","level":"DEBUG","message":"User auth details retrieved","userId":1}
{"timestamp":"2025-10-23T01:25:50.130Z","level":"DEBUG","message":"[AUTH] POST /check-user"}
{"timestamp":"2025-10-23T02:07:31.283Z","level":"DEBUG","message":"[AUTH] POST /check-user"}
{"timestamp":"2025-10-23T02:07:36.234Z","level":"DEBUG","message":"[SESSION] POST /complete"}
{"timestamp":"2025-10-23T02:07:40.119Z","level":"DEBUG","message":"User auth details retrieved","userId":1}
{"timestamp":"2025-10-23T06:11:09.527Z","level":"DEBUG","message":"[AUTH] POST /check-user"}
{"timestamp":"2025-10-23T06:11:15.379Z","level":"DEBUG","message":"[SESSION] POST /complete"}
{"timestamp":"2025-10-23T06:11:19.366Z","level":"DEBUG","message":"User auth details retrieved","userId":1}
{"timestamp":"2025-10-23T06:18:18.322Z","level":"DEBUG","message":"[AUTH] POST /check-user"}
{"timestamp":"2025-10-23T06:18:27.097Z","level":"DEBUG","message":"[SESSION] POST /complete"}
{"timestamp":"2025-10-23T06:18:31.085Z","level":"DEBUG","message":"User auth details retrieved","userId":1}
{"timestamp":"2025-10-23T06:33:25.331Z","level":"DEBUG","message":"[AUTH] POST /check-user"}
{"timestamp":"2025-10-23T06:33:31.611Z","level":"DEBUG","message":"[SESSION] POST /complete"}
{"timestamp":"2025-10-23T06:33:35.488Z","level":"DEBUG","message":"User auth details retrieved","userId":1}
{"timestamp":"2025-10-23T08:02:55.644Z","level":"DEBUG","message":"[AUTH] POST /check-user"}
{"timestamp":"2025-10-23T08:03:05.800Z","level":"DEBUG","message":"[SESSION] POST /complete"}
{"timestamp":"2025-10-23T08:03:09.686Z","level":"DEBUG","message":"User auth details retrieved","userId":1}
{"timestamp":"2025-10-23T08:04:27.770Z","level":"DEBUG","message":"[AUTH] POST /check-user"}
{"timestamp":"2025-10-23T08:04:36.631Z","level":"DEBUG","message":"[SESSION] POST /complete"}
{"timestamp":"2025-10-23T08:04:40.414Z","level":"DEBUG","message":"User auth details retrieved","userId":5}
{"timestamp":"2025-10-23T08:05:52.576Z","level":"DEBUG","message":"[AUTH] POST /check-user"}
{"timestamp":"2025-10-23T08:06:02.064Z","level":"DEBUG","message":"[AUTH] POST /check-user"}
{"timestamp":"2025-10-23T08:06:06.436Z","level":"DEBUG","message":"[SESSION] POST /complete"}
{"timestamp":"2025-10-23T08:06:10.526Z","level":"DEBUG","message":"User auth details retrieved","userId":5}
{"timestamp":"2025-10-23T08:07:48.470Z","level":"DEBUG","message":"[AUTH] POST /check-user"}
{"timestamp":"2025-10-23T08:07:54.161Z","level":"DEBUG","message":"[SESSION] POST /complete"}
{"timestamp":"2025-10-23T08:07:58.254Z","level":"DEBUG","message":"User auth details retrieved","userId":7}
{"timestamp":"2025-10-23T08:09:14.590Z","level":"DEBUG","message":"[AUTH] POST /check-user"}
{"timestamp":"2025-10-23T08:09:19.871Z","level":"DEBUG","message":"[SESSION] POST /complete"}
{"timestamp":"2025-10-23T08:09:23.657Z","level":"DEBUG","message":"User auth details retrieved","userId":7}
{"timestamp":"2025-10-23T10:18:02.676Z","level":"DEBUG","message":"[AUTH] POST /check-user"}
{"timestamp":"2025-10-23T10:18:09.805Z","level":"DEBUG","message":"[SESSION] POST /complete"}
{"timestamp":"2025-10-23T10:18:13.411Z","level":"DEBUG","message":"User auth details retrieved","userId":1}
{"timestamp":"2025-10-23T13:03:49.995Z","level":"DEBUG","message":"[AUTH] POST /check-user"}
{"timestamp":"2025-10-23T13:03:55.181Z","level":"DEBUG","message":"[SESSION] POST /complete"}
{"timestamp":"2025-10-23T13:03:58.950Z","level":"DEBUG","message":"User auth details retrieved","userId":5}
{"timestamp":"2025-10-23T13:07:13.883Z","level":"DEBUG","message":"[AUTH] POST /check-user"}
{"timestamp":"2025-10-23T13:07:19.777Z","level":"DEBUG","message":"[SESSION] POST /complete"}
{"timestamp":"2025-10-23T13:07:23.355Z","level":"DEBUG","message":"User auth details retrieved","userId":1}
{"timestamp":"2025-10-23T13:28:07.437Z","level":"DEBUG","message":"[AUTH] POST /check-user"}
{"timestamp":"2025-10-23T13:28:25.454Z","level":"DEBUG","message":"[SESSION] POST /complete"}
{"timestamp":"2025-10-23T13:28:29.545Z","level":"DEBUG","message":"User auth details retrieved","userId":5}
{"timestamp":"2025-10-23T13:35:23.812Z","level":"DEBUG","message":"[AUTH] POST /check-user"}
{"timestamp":"2025-10-23T13:35:32.055Z","level":"DEBUG","message":"[SESSION] POST /complete"}
{"timestamp":"2025-10-23T13:35:35.939Z","level":"DEBUG","message":"User auth details retrieved","userId":5}
{"timestamp":"2025-10-23T13:40:13.496Z","level":"DEBUG","message":"[AUTH] POST /check-user"}
{"timestamp":"2025-10-23T13:40:19.389Z","level":"DEBUG","message":"[SESSION] POST /complete"}
{"timestamp":"2025-10-23T13:40:23.482Z","level":"DEBUG","message":"User auth details retrieved","userId":1}
{"timestamp":"2025-10-23T13:47:29.589Z","level":"DEBUG","message":"[AUTH] POST /check-user"}
{"timestamp":"2025-10-23T13:47:53.643Z","level":"DEBUG","message":"[SESSION] POST /complete"}
{"timestamp":"2025-10-23T13:47:57.731Z","level":"DEBUG","message":"User auth details retrieved","userId":1}
{"timestamp":"2025-10-23T13:54:10.784Z","level":"DEBUG","message":"[AUTH] POST /check-user"}
{"timestamp":"2025-10-23T13:54:21.025Z","level":"DEBUG","message":"[SESSION] POST /complete"}
{"timestamp":"2025-10-23T13:54:25.011Z","level":"DEBUG","message":"User auth details retrieved","userId":1}
{"timestamp":"2025-10-23T14:01:57.990Z","level":"DEBUG","message":"[AUTH] POST /check-user"}
{"timestamp":"2025-10-23T14:02:03.978Z","level":"DEBUG","message":"[SESSION] POST /complete"}
{"timestamp":"2025-10-23T14:02:07.659Z","level":"DEBUG","message":"User auth details retrieved","userId":1}
{"timestamp":"2025-10-23T14:10:13.658Z","level":"DEBUG","message":"[AUTH] POST /check-user"}
{"timestamp":"2025-10-23T14:10:22.465Z","level":"DEBUG","message":"[SESSION] POST /complete"}
{"timestamp":"2025-10-23T14:10:26.658Z","level":"DEBUG","message":"User auth details retrieved","userId":1}
{"timestamp":"2025-10-23T14:13:56.705Z","level":"DEBUG","message":"[AUTH] POST /check-user"}
{"timestamp":"2025-10-23T14:14:15.120Z","level":"DEBUG","message":"[SESSION] POST /complete"}
{"timestamp":"2025-10-23T14:14:19.005Z","level":"DEBUG","message":"User auth details retrieved","userId":1}
{"timestamp":"2025-10-23T14:23:14.551Z","level":"DEBUG","message":"[AUTH] POST /check-user"}
{"timestamp":"2025-10-23T14:23:20.098Z","level":"DEBUG","message":"[SESSION] POST /complete"}
{"timestamp":"2025-10-23T14:23:26.031Z","level":"DEBUG","message":"User auth details retrieved","userId":1}
{"timestamp":"2025-10-23T14:28:45.472Z","level":"DEBUG","message":"[AUTH] POST /check-user"}
{"timestamp":"2025-10-23T14:28:51.465Z","level":"DEBUG","message":"[SESSION] POST /complete"}
{"timestamp":"2025-10-23T14:28:55.454Z","level":"DEBUG","message":"User auth details retrieved","userId":1}
{"timestamp":"2025-10-23T14:36:02.544Z","level":"DEBUG","message":"[AUTH] POST /check-user"}
{"timestamp":"2025-10-23T14:36:11.597Z","level":"DEBUG","message":"[SESSION] POST /complete"}
{"timestamp":"2025-10-23T14:36:15.573Z","level":"DEBUG","message":"User auth details retrieved","userId":1}
{"timestamp":"2025-10-23T14:43:54.125Z","level":"DEBUG","message":"[AUTH] POST /check-user"}
{"timestamp":"2025-10-23T14:43:59.454Z","level":"DEBUG","message":"[SESSION] POST /complete"}
{"timestamp":"2025-10-23T14:44:03.442Z","level":"DEBUG","message":"User auth details retrieved","userId":1}
{"timestamp":"2025-10-23T15:06:41.416Z","level":"DEBUG","message":"[AUTH] POST /check-user"}
{"timestamp":"2025-10-23T15:06:47.422Z","level":"DEBUG","message":"[SESSION] POST /complete"}
{"timestamp":"2025-10-23T15:06:51.446Z","level":"DEBUG","message":"User auth details retrieved","userId":1}
{"timestamp":"2025-10-23T15:46:09.124Z","level":"DEBUG","message":"[AUTH] POST /check-user"}
{"timestamp":"2025-10-23T15:46:14.433Z","level":"DEBUG","message":"[SESSION] POST /complete"}
{"timestamp":"2025-10-23T15:46:18.200Z","level":"DEBUG","message":"User auth details retrieved","userId":1}
{"timestamp":"2025-10-23T15:54:43.211Z","level":"DEBUG","message":"[AUTH] POST /check-user"}
{"timestamp":"2025-10-23T15:54:48.786Z","level":"DEBUG","message":"[SESSION] POST /complete"}
{"timestamp":"2025-10-23T15:54:52.661Z","level":"DEBUG","message":"User auth details retrieved","userId":1}
{"timestamp":"2025-10-23T16:03:06.761Z","level":"DEBUG","message":"[AUTH] POST /check-user"}
{"timestamp":"2025-10-23T16:03:15.456Z","level":"DEBUG","message":"[SESSION] POST /complete"}
{"timestamp":"2025-10-23T16:03:19.341Z","level":"DEBUG","message":"User auth details retrieved","userId":1}
{"timestamp":"2025-10-23T16:12:22.982Z","level":"DEBUG","message":"[AUTH] POST /check-user"}
{"timestamp":"2025-10-23T16:12:32.106Z","level":"DEBUG","message":"[SESSION] POST /complete"}
{"timestamp":"2025-10-23T16:12:35.994Z","level":"DEBUG","message":"User auth details retrieved","userId":1}
{"timestamp":"2025-10-23T16:22:51.084Z","level":"DEBUG","message":"[AUTH] POST /check-user"}
{"timestamp":"2025-10-23T16:22:56.508Z","level":"DEBUG","message":"[SESSION] POST /complete"}
{"timestamp":"2025-10-23T16:23:00.125Z","level":"DEBUG","message":"User auth details retrieved","userId":1}
{"timestamp":"2025-10-23T16:33:04.064Z","level":"DEBUG","message":"[AUTH] POST /check-user"}
{"timestamp":"2025-10-23T16:33:10.051Z","level":"DEBUG","message":"[SESSION] POST /complete"}
{"timestamp":"2025-10-23T16:33:13.812Z","level":"DEBUG","message":"User auth details retrieved","userId":1}
{"timestamp":"2025-10-24T05:41:20.248Z","level":"DEBUG","message":"[AUTH] POST /check-user"}
{"timestamp":"2025-10-24T05:41:26.093Z","level":"DEBUG","message":"[SESSION] POST /complete"}
{"timestamp":"2025-10-24T05:41:29.978Z","level":"DEBUG","message":"User auth details retrieved","userId":1}
{"timestamp":"2025-10-24T10:29:24.237Z","level":"DEBUG","message":"[AUTH] POST /check-user"}
{"timestamp":"2025-10-24T10:29:31.141Z","level":"DEBUG","message":"[SESSION] POST /complete"}
{"timestamp":"2025-10-24T10:29:35.025Z","level":"DEBUG","message":"User auth details retrieved","userId":1}
{"timestamp":"2025-10-24T10:31:38.591Z","level":"DEBUG","message":"[AUTH] POST /check-user"}
{"timestamp":"2025-10-24T10:31:43.527Z","level":"DEBUG","message":"[SESSION] POST /complete"}
{"timestamp":"2025-10-24T10:31:47.326Z","level":"DEBUG","message":"User auth details retrieved","userId":1}
{"timestamp":"2025-10-24T12:57:36.356Z","level":"DEBUG","message":"[AUTH] POST /check-user"}
{"timestamp":"2025-10-24T12:57:41.399Z","level":"DEBUG","message":"[SESSION] POST /complete"}
{"timestamp":"2025-10-24T12:57:45.156Z","level":"DEBUG","message":"User auth details retrieved","userId":1}
{"timestamp":"2025-10-24T13:59:03.108Z","level":"DEBUG","message":"[AUTH] POST /check-user"}
{"timestamp":"2025-10-24T13:59:09.748Z","level":"DEBUG","message":"[SESSION] POST /complete"}
{"timestamp":"2025-10-24T13:59:13.428Z","level":"DEBUG","message":"User auth details retrieved","userId":1}
{"timestamp":"2025-10-24T14:01:46.071Z","level":"DEBUG","message":"[AUTH] POST /check-user"}
{"timestamp":"2025-10-24T14:01:51.491Z","level":"DEBUG","message":"[SESSION] POST /complete"}
{"timestamp":"2025-10-24T14:01:55.426Z","level":"DEBUG","message":"User auth details retrieved","userId":1}
{"timestamp":"2025-10-24T14:10:05.703Z","level":"DEBUG","message":"[AUTH] POST /check-user"}
{"timestamp":"2025-10-24T14:10:11.009Z","level":"DEBUG","message":"[SESSION] POST /complete"}
{"timestamp":"2025-10-24T14:10:14.836Z","level":"DEBUG","message":"User auth details retrieved","userId":1}
{"timestamp":"2025-10-24T14:22:20.209Z","level":"DEBUG","message":"[AUTH] POST /check-user"}
{"timestamp":"2025-10-24T14:22:26.085Z","level":"DEBUG","message":"[SESSION] POST /complete"}
{"timestamp":"2025-10-24T14:22:29.970Z","level":"DEBUG","message":"User auth details retrieved","userId":1}
{"timestamp":"2025-10-24T14:39:06.550Z","level":"DEBUG","message":"[AUTH] POST /check-user"}
{"timestamp":"2025-10-24T14:39:11.969Z","level":"DEBUG","message":"[SESSION] POST /complete"}
{"timestamp":"2025-10-24T14:39:16.878Z","level":"DEBUG","message":"User auth details retrieved","userId":1}
{"timestamp":"2025-10-24T14:43:05.569Z","level":"DEBUG","message":"[AUTH] POST /check-user"}
{"timestamp":"2025-10-24T14:43:17.529Z","level":"DEBUG","message":"[SESSION] POST /complete"}
{"timestamp":"2025-10-24T14:43:22.642Z","level":"DEBUG","message":"User auth details retrieved","userId":1}
{"timestamp":"2025-10-24T14:54:29.036Z","level":"DEBUG","message":"[AUTH] POST /check-user"}
{"timestamp":"2025-10-24T14:54:35.205Z","level":"DEBUG","message":"[SESSION] POST /complete"}
{"timestamp":"2025-10-24T14:54:38.998Z","level":"DEBUG","message":"User auth details retrieved","userId":1}
{"timestamp":"2025-10-24T14:58:52.975Z","level":"DEBUG","message":"[AUTH] POST /check-user"}
{"timestamp":"2025-10-24T14:58:57.916Z","level":"DEBUG","message":"[SESSION] POST /complete"}
{"timestamp":"2025-10-24T14:59:01.962Z","level":"DEBUG","message":"User auth details retrieved","userId":1}
{"timestamp":"2025-10-24T15:03:13.617Z","level":"DEBUG","message":"[AUTH] POST /check-user"}
{"timestamp":"2025-10-24T15:03:17.895Z","level":"DEBUG","message":"[SESSION] POST /complete"}
{"timestamp":"2025-10-24T15:03:21.745Z","level":"DEBUG","message":"User auth details retrieved","userId":1}
{"timestamp":"2025-10-24T15:07:31.829Z","level":"DEBUG","message":"[AUTH] POST /check-user"}
{"timestamp":"2025-10-24T15:09:47.022Z","level":"DEBUG","message":"[SESSION] POST /complete"}
{"timestamp":"2025-10-24T15:09:51.081Z","level":"DEBUG","message":"User auth details retrieved","userId":1}
{"timestamp":"2025-10-24T15:18:07.319Z","level":"DEBUG","message":"[AUTH] POST /check-user"}
{"timestamp":"2025-10-24T15:18:12.759Z","level":"DEBUG","message":"[SESSION] POST /complete"}
{"timestamp":"2025-10-24T15:18:16.632Z","level":"DEBUG","message":"User auth details retrieved","userId":1}
{"timestamp":"2025-10-24T15:23:28.365Z","level":"DEBUG","message":"[AUTH] POST /check-user"}
{"timestamp":"2025-10-24T15:23:38.585Z","level":"DEBUG","message":"[SESSION] POST /complete"}
{"timestamp":"2025-10-24T15:23:42.500Z","level":"DEBUG","message":"User auth details retrieved","userId":1}
{"timestamp":"2025-10-24T15:41:19.598Z","level":"DEBUG","message":"[AUTH] POST /check-user"}
{"timestamp":"2025-10-24T15:41:26.831Z","level":"DEBUG","message":"[SESSION] POST /complete"}
{"timestamp":"2025-10-24T15:41:30.818Z","level":"DEBUG","message":"User auth details retrieved","userId":1}
{"timestamp":"2025-10-24T15:53:41.351Z","level":"DEBUG","message":"[AUTH] POST /check-user"}
{"timestamp":"2025-10-24T15:53:48.827Z","level":"DEBUG","message":"[SESSION] POST /complete"}
{"timestamp":"2025-10-24T15:53:53.020Z","level":"DEBUG","message":"User auth details retrieved","userId":1}
{"timestamp":"2025-10-24T15:59:06.809Z","level":"DEBUG","message":"[AUTH] POST /check-user"}
{"timestamp":"2025-10-24T15:59:15.355Z","level":"DEBUG","message":"[SESSION] POST /complete"}
{"timestamp":"2025-10-24T15:59:19.203Z","level":"DEBUG","message":"User auth details retrieved","userId":1}
{"timestamp":"2025-10-24T16:12:43.482Z","level":"DEBUG","message":"[AUTH] POST /check-user"}
{"timestamp":"2025-10-24T16:12:53.258Z","level":"DEBUG","message":"[SESSION] POST /complete"}
{"timestamp":"2025-10-24T16:12:56.979Z","level":"DEBUG","message":"User auth details retrieved","userId":1}
{"timestamp":"2025-10-24T19:07:32.927Z","level":"DEBUG","message":"[AUTH] POST /check-user"}
{"timestamp":"2025-10-24T19:07:40.184Z","level":"DEBUG","message":"[SESSION] POST /complete"}
{"timestamp":"2025-10-24T19:07:44.221Z","level":"DEBUG","message":"User auth details retrieved","userId":1}
{"timestamp":"2025-10-24T19:55:25.410Z","level":"DEBUG","message":"[AUTH] POST /check-user"}
{"timestamp":"2025-10-24T19:55:33.593Z","level":"DEBUG","message":"[SESSION] POST /complete"}
{"timestamp":"2025-10-24T19:55:37.582Z","level":"DEBUG","message":"User auth details retrieved","userId":1}
{"timestamp":"2025-10-24T19:58:50.813Z","level":"DEBUG","message":"[AUTH] POST /check-user"}
{"timestamp":"2025-10-24T19:58:57.471Z","level":"DEBUG","message":"[SESSION] POST /complete"}
{"timestamp":"2025-10-24T19:59:01.461Z","level":"DEBUG","message":"User auth details retrieved","userId":1}
{"timestamp":"2025-10-24T20:00:09.676Z","level":"DEBUG","message":"[AUTH] POST /check-user"}
{"timestamp":"2025-10-24T20:00:14.889Z","level":"DEBUG","message":"[SESSION] POST /complete"}
{"timestamp":"2025-10-24T20:00:18.876Z","level":"DEBUG","message":"User auth details retrieved","userId":1}
{"timestamp":"2025-10-24T20:34:39.624Z","level":"DEBUG","message":"[AUTH] POST /check-user"}
{"timestamp":"2025-10-24T20:34:44.308Z","level":"DEBUG","message":"[SESSION] POST /complete"}
{"timestamp":"2025-10-24T20:34:48.196Z","level":"DEBUG","message":"User auth details retrieved","userId":1}
{"timestamp":"2025-10-24T20:42:14.952Z","level":"DEBUG","message":"[AUTH] POST /check-user"}
{"timestamp":"2025-10-24T20:42:20.491Z","level":"DEBUG","message":"[SESSION] POST /complete"}
{"timestamp":"2025-10-24T20:42:24.287Z","level":"DEBUG","message":"User auth details retrieved","userId":1}
{"timestamp":"2025-10-24T21:02:03.698Z","level":"DEBUG","message":"[AUTH] POST /check-user"}
{"timestamp":"2025-10-24T21:02:09.993Z","level":"DEBUG","message":"[SESSION] POST /complete"}
{"timestamp":"2025-10-24T21:02:13.775Z","level":"DEBUG","message":"User auth details retrieved","userId":1}
{"timestamp":"2025-10-24T21:06:16.612Z","level":"DEBUG","message":"[AUTH] POST /check-user"}
{"timestamp":"2025-10-24T21:06:29.271Z","level":"DEBUG","message":"[SESSION] POST /complete"}
{"timestamp":"2025-10-24T21:06:33.361Z","level":"DEBUG","message":"User auth details retrieved","userId":1}
{"timestamp":"2025-10-24T21:19:27.910Z","level":"DEBUG","message":"[AUTH] POST /check-user"}
{"timestamp":"2025-10-24T21:19:33.455Z","level":"DEBUG","message":"[SESSION] POST /complete"}
{"timestamp":"2025-10-24T21:19:37.442Z","level":"DEBUG","message":"User auth details retrieved","userId":1}
{"timestamp":"2025-10-24T21:24:50.725Z","level":"DEBUG","message":"[AUTH] POST /check-user"}
{"timestamp":"2025-10-24T21:24:55.709Z","level":"DEBUG","message":"[SESSION] POST /complete"}
{"timestamp":"2025-10-24T21:24:59.697Z","level":"DEBUG","message":"User auth details retrieved","userId":1}
{"timestamp":"2025-10-24T21:31:57.085Z","level":"DEBUG","message":"[AUTH] POST /check-user"}
{"timestamp":"2025-10-24T21:32:05.381Z","level":"DEBUG","message":"[SESSION] POST /complete"}
{"timestamp":"2025-10-24T21:32:09.267Z","level":"DEBUG","message":"User auth details retrieved","userId":1}
{"timestamp":"2025-10-24T21:38:11.652Z","level":"DEBUG","message":"[AUTH] POST /check-user"}
{"timestamp":"2025-10-24T21:38:29.692Z","level":"DEBUG","message":"[SESSION] POST /complete"}
{"timestamp":"2025-10-24T21:38:33.679Z","level":"DEBUG","message":"User auth details retrieved","userId":1}
{"timestamp":"2025-10-24T22:10:44.846Z","level":"DEBUG","message":"[AUTH] POST /check-user"}
{"timestamp":"2025-10-24T22:10:56.737Z","level":"DEBUG","message":"[SESSION] POST /complete"}
{"timestamp":"2025-10-24T22:11:00.504Z","level":"DEBUG","message":"User auth details retrieved","userId":1}
{"timestamp":"2025-10-24T22:14:20.506Z","level":"DEBUG","message":"[AUTH] POST /check-user"}
{"timestamp":"2025-10-24T22:14:26.557Z","level":"DEBUG","message":"[SESSION] POST /complete"}
{"timestamp":"2025-10-24T22:14:30.369Z","level":"DEBUG","message":"User auth details retrieved","userId":1}
{"timestamp":"2025-10-24T22:23:25.680Z","level":"DEBUG","message":"[AUTH] POST /check-user"}
{"timestamp":"2025-10-24T22:23:34.196Z","level":"DEBUG","message":"[SESSION] POST /complete"}
{"timestamp":"2025-10-24T22:23:38.390Z","level":"DEBUG","message":"User auth details retrieved","userId":1}
{"timestamp":"2025-10-24T22:29:49.425Z","level":"DEBUG","message":"[AUTH] POST /check-user"}
{"timestamp":"2025-10-24T22:29:54.206Z","level":"DEBUG","message":"[SESSION] POST /complete"}
{"timestamp":"2025-10-24T22:29:57.888Z","level":"DEBUG","message":"User auth details retrieved","userId":1}
{"timestamp":"2025-10-25T04:42:00.164Z","level":"DEBUG","message":"[AUTH] POST /check-user"}
{"timestamp":"2025-10-25T04:42:05.165Z","level":"DEBUG","message":"[SESSION] POST /complete"}
{"timestamp":"2025-10-25T04:42:09.052Z","level":"DEBUG","message":"User auth details retrieved","userId":1}
{"timestamp":"2025-10-25T04:45:38.023Z","level":"DEBUG","message":"[AUTH] POST /check-user"}
{"timestamp":"2025-10-25T04:45:42.868Z","level":"DEBUG","message":"[SESSION] POST /complete"}
{"timestamp":"2025-10-25T04:45:46.606Z","level":"DEBUG","message":"User auth details retrieved","userId":1}
{"timestamp":"2025-10-25T04:49:16.649Z","level":"DEBUG","message":"[AUTH] POST /check-user"}
{"timestamp":"2025-10-25T04:49:21.801Z","level":"DEBUG","message":"[SESSION] POST /complete"}
{"timestamp":"2025-10-25T04:49:25.686Z","level":"DEBUG","message":"User auth details retrieved","userId":1}
{"timestamp":"2025-10-25T05:06:31.115Z","level":"DEBUG","message":"[AUTH] POST /check-user"}
{"timestamp":"2025-10-25T05:06:37.069Z","level":"DEBUG","message":"[SESSION] POST /complete"}
{"timestamp":"2025-10-25T05:06:40.781Z","level":"DEBUG","message":"User auth details retrieved","userId":1}
{"timestamp":"2025-10-25T07:52:43.750Z","level":"DEBUG","message":"[AUTH] POST /check-user"}
{"timestamp":"2025-10-25T07:52:48.564Z","level":"DEBUG","message":"[SESSION] POST /complete"}
{"timestamp":"2025-10-25T07:52:52.450Z","level":"DEBUG","message":"User auth details retrieved","userId":1}
