{"timestamp":"2025-10-16T15:29:23.156Z","level":"ERROR","message":"Database query error","error":{},"text":"SELECT user_id, user_email, user_phone, user_name, user_firstname, user_lastname, user_activated, user_approved, user_banned FROM public.users WHERE user_email = $1","params":["chumkysk@gmail.com"]}
{"timestamp":"2025-10-16T15:29:23.162Z","level":"ERROR","message":"Error checking user in database","error":{}}
{"timestamp":"2025-10-16T15:29:23.162Z","level":"ERROR","message":"Error in user check controller","error":{}}
{"timestamp":"2025-10-16T15:35:26.078Z","level":"ERROR","message":"Database query error","error":{},"text":"SELECT user_email, user_phone FROM public.users WHERE user_email = $1","params":["chumkysk@gmail.com"]}
{"timestamp":"2025-10-16T15:35:26.079Z","level":"ERROR","message":"Error checking user in database","error":{}}
{"timestamp":"2025-10-16T15:35:26.079Z","level":"ERROR","message":"Error in user check controller","error":{}}
{"timestamp":"2025-10-16T16:05:19.649Z","level":"ERROR","message":"Database query error","error":{},"text":"SELECT user_id, user_email, user_phone FROM public.users WHERE (user_email = $1 OR user_phone = $2)","params":["chumkysk@gmail.com","+8801768001023"]}
{"timestamp":"2025-10-16T16:05:19.649Z","level":"ERROR","message":"Error checking user in database","error":{}}
{"timestamp":"2025-10-16T16:05:19.649Z","level":"ERROR","message":"Error in user check controller","error":{}}
{"timestamp":"2025-10-16T16:10:58.820Z","level":"ERROR","message":"Database connection failed","error":"SASL: SCRAM-SERVER-FIRST-MESSAGE: client password must be a string"}
{"timestamp":"2025-10-16T16:11:29.414Z","level":"ERROR","message":"Database connection failed","error":"SASL: SCRAM-SERVER-FIRST-MESSAGE: client password must be a string"}
{"timestamp":"2025-10-16T16:11:53.903Z","level":"ERROR","message":"Database connection failed","error":"SASL: SCRAM-SERVER-FIRST-MESSAGE: client password must be a string"}
{"timestamp":"2025-10-16T16:12:28.054Z","level":"ERROR","message":"Database query error","error":"SASL: SCRAM-SERVER-FIRST-MESSAGE: client password must be a string","query":"SELECT user_id, user_email, user_phone FROM public.users WHERE (user_email = $1 OR user_phone = $2)","params":"[2 params]"}
{"timestamp":"2025-10-16T16:12:28.055Z","level":"ERROR","message":"Error checking user in database","error":{}}
{"timestamp":"2025-10-16T16:12:28.055Z","level":"ERROR","message":"Error in user check controller","error":{}}
{"timestamp":"2025-10-16T16:16:17.461Z","level":"ERROR","message":"Database connection failed","error":"SSL/TLS required"}
{"timestamp":"2025-10-16T16:16:40.935Z","level":"ERROR","message":"Database query error","error":"SSL/TLS required","code":"28000","severity":"FATAL","query":"SELECT NOW()"}
{"timestamp":"2025-10-16T16:16:40.935Z","level":"ERROR","message":"❌ Database connection test failed","error":"SSL/TLS required","code":"28000"}
{"timestamp":"2025-10-16T16:16:59.444Z","level":"ERROR","message":"Database query error","error":"SSL/TLS required","code":"28000","severity":"FATAL","query":"SELECT NOW()"}
{"timestamp":"2025-10-16T16:16:59.444Z","level":"ERROR","message":"❌ Database connection test failed","error":"SSL/TLS required","code":"28000"}
{"timestamp":"2025-10-16T16:19:21.065Z","level":"ERROR","message":"Database query error","error":"relation \"votteryy_auth_sessions\" does not exist","code":"42P01","severity":"ERROR","query":"INSERT INTO votteryy_auth_sessions \n       (user_id, session_id, is_first_time, step_number, ip_addr"}
{"timestamp":"2025-10-16T16:19:21.066Z","level":"ERROR","message":"Error in user check controller","error":{"length":121,"name":"error","severity":"ERROR","code":"42P01","position":"13","file":"parse_relation.c","line":"1449","routine":"parserOpenTable"}}
{"timestamp":"2025-10-19T12:15:11.550Z","level":"ERROR","message":"Error sending OTP SMS","error":"Authenticate","phoneNumber":"+8801768001023"}
{"timestamp":"2025-10-19T15:29:46.191Z","level":"ERROR","message":"Unhandled Rejection at:","reason":{},"promise":{}}
{"timestamp":"2025-10-21T11:47:30.130Z","level":"ERROR","message":"Database query error","error":"column \"subscription_type\" does not exist","code":"42703","severity":"ERROR","query":"SELECT subscription_type, is_subscribed, election_creation_limit \n       FROM votteryy_user_subscrip"}
{"timestamp":"2025-10-21T11:47:30.130Z","level":"ERROR","message":"Error getting user subscription info","error":"column \"subscription_type\" does not exist","userId":1}
{"timestamp":"2025-10-21T11:49:25.228Z","level":"ERROR","message":"Database query error","error":"column \"subscription_type\" does not exist","code":"42703","severity":"ERROR","query":"SELECT subscription_type, is_subscribed, election_creation_limit \n       FROM votteryy_user_subscrip"}
{"timestamp":"2025-10-21T11:49:25.228Z","level":"ERROR","message":"Error getting user subscription info","error":"column \"subscription_type\" does not exist","userId":1}
{"timestamp":"2025-10-21T11:51:26.061Z","level":"ERROR","message":"Database query error","error":"column \"subscription_type\" does not exist","code":"42703","severity":"ERROR","query":"SELECT subscription_type, is_subscribed, election_creation_limit \n       FROM votteryy_user_subscrip"}
{"timestamp":"2025-10-21T11:51:26.061Z","level":"ERROR","message":"Error getting user subscription info","error":"column \"subscription_type\" does not exist","userId":1}
{"timestamp":"2025-10-21T12:18:33.926Z","level":"ERROR","message":"Database query error","error":"column \"subscription_type\" does not exist","code":"42703","severity":"ERROR","query":"SELECT subscription_type, is_subscribed, election_creation_limit \n       FROM votteryy_user_subscrip"}
{"timestamp":"2025-10-21T12:18:33.926Z","level":"ERROR","message":"Error getting user subscription info","error":"column \"subscription_type\" does not exist","userId":1}
{"timestamp":"2025-10-21T12:28:34.328Z","level":"ERROR","message":"Database query error","error":"column \"subscription_type\" does not exist","code":"42703","severity":"ERROR","query":"SELECT subscription_type, is_subscribed, election_creation_limit \n       FROM votteryy_user_subscrip"}
{"timestamp":"2025-10-21T12:28:34.328Z","level":"ERROR","message":"Error getting user subscription info","error":"column \"subscription_type\" does not exist","userId":1}
{"timestamp":"2025-10-21T12:32:50.918Z","level":"ERROR","message":"Database query error","error":"column \"subscription_type\" does not exist","code":"42703","severity":"ERROR","query":"SELECT subscription_type, is_subscribed, election_creation_limit \n       FROM votteryy_user_subscrip"}
{"timestamp":"2025-10-21T12:32:50.918Z","level":"ERROR","message":"Error getting user subscription info","error":"column \"subscription_type\" does not exist","userId":1}
{"timestamp":"2025-10-21T12:38:06.619Z","level":"ERROR","message":"Database query error","error":"column \"subscription_type\" does not exist","code":"42703","severity":"ERROR","query":"SELECT subscription_type, is_subscribed, election_creation_limit \n       FROM votteryy_user_subscrip"}
{"timestamp":"2025-10-21T12:38:06.619Z","level":"ERROR","message":"Error getting user subscription info","error":"column \"subscription_type\" does not exist","userId":1}
{"timestamp":"2025-10-21T12:44:05.477Z","level":"ERROR","message":"Database query error","error":"column \"subscription_type\" does not exist","code":"42703","severity":"ERROR","query":"SELECT subscription_type, is_subscribed, election_creation_limit \n       FROM votteryy_user_subscrip"}
{"timestamp":"2025-10-21T12:44:05.477Z","level":"ERROR","message":"Error getting user subscription info","error":"column \"subscription_type\" does not exist","userId":1}
{"timestamp":"2025-10-21T12:46:08.210Z","level":"ERROR","message":"Database query error","error":"column \"subscription_type\" does not exist","code":"42703","severity":"ERROR","query":"SELECT subscription_type, is_subscribed, election_creation_limit \n       FROM votteryy_user_subscrip"}
{"timestamp":"2025-10-21T12:46:08.210Z","level":"ERROR","message":"Error getting user subscription info","error":"column \"subscription_type\" does not exist","userId":1}
{"timestamp":"2025-10-21T12:49:20.778Z","level":"ERROR","message":"Database query error","error":"column \"subscription_type\" does not exist","code":"42703","severity":"ERROR","query":"SELECT subscription_type, is_subscribed, election_creation_limit \n       FROM votteryy_user_subscrip"}
{"timestamp":"2025-10-21T12:49:20.779Z","level":"ERROR","message":"Error getting user subscription info","error":"column \"subscription_type\" does not exist","userId":1}
{"timestamp":"2025-10-21T12:53:11.843Z","level":"ERROR","message":"Database query error","error":"column \"subscription_type\" does not exist","code":"42703","severity":"ERROR","query":"SELECT subscription_type, is_subscribed, election_creation_limit \n       FROM votteryy_user_subscrip"}
{"timestamp":"2025-10-21T12:53:11.843Z","level":"ERROR","message":"Error getting user subscription info","error":"column \"subscription_type\" does not exist","userId":1}
{"timestamp":"2025-10-21T13:06:06.095Z","level":"ERROR","message":"Database query error","error":"column \"subscription_type\" does not exist","code":"42703","severity":"ERROR","query":"SELECT subscription_type, is_subscribed, election_creation_limit \n       FROM votteryy_user_subscrip"}
{"timestamp":"2025-10-21T13:06:06.095Z","level":"ERROR","message":"Error getting user subscription info","error":"column \"subscription_type\" does not exist","userId":1}
{"timestamp":"2025-10-21T13:08:29.297Z","level":"ERROR","message":"Database query error","error":"column \"subscription_type\" does not exist","code":"42703","severity":"ERROR","query":"SELECT subscription_type, is_subscribed, election_creation_limit \n       FROM votteryy_user_subscrip"}
{"timestamp":"2025-10-21T13:08:29.297Z","level":"ERROR","message":"Error getting user subscription info","error":"column \"subscription_type\" does not exist","userId":1}
{"timestamp":"2025-10-21T13:14:39.328Z","level":"ERROR","message":"Database query error","error":"column \"subscription_type\" does not exist","code":"42703","severity":"ERROR","query":"SELECT subscription_type, is_subscribed, election_creation_limit \n       FROM votteryy_user_subscrip"}
{"timestamp":"2025-10-21T13:14:39.329Z","level":"ERROR","message":"Error getting user subscription info","error":"column \"subscription_type\" does not exist","userId":1}
{"timestamp":"2025-10-21T13:17:59.727Z","level":"ERROR","message":"Database query error","error":"column \"subscription_type\" does not exist","code":"42703","severity":"ERROR","query":"SELECT subscription_type, is_subscribed, election_creation_limit \n       FROM votteryy_user_subscrip"}
{"timestamp":"2025-10-21T13:17:59.727Z","level":"ERROR","message":"Error getting user subscription info","error":"column \"subscription_type\" does not exist","userId":1}
{"timestamp":"2025-10-21T13:20:43.262Z","level":"ERROR","message":"Database query error","error":"column \"subscription_type\" does not exist","code":"42703","severity":"ERROR","query":"SELECT subscription_type, is_subscribed, election_creation_limit \n       FROM votteryy_user_subscrip"}
{"timestamp":"2025-10-21T13:20:43.262Z","level":"ERROR","message":"Error getting user subscription info","error":"column \"subscription_type\" does not exist","userId":1}
{"timestamp":"2025-10-21T16:34:59.754Z","level":"ERROR","message":"Database query error","error":"column \"subscription_type\" does not exist","code":"42703","severity":"ERROR","query":"SELECT subscription_type, is_subscribed, election_creation_limit \n       FROM votteryy_user_subscrip"}
{"timestamp":"2025-10-21T16:34:59.754Z","level":"ERROR","message":"Error getting user subscription info","error":"column \"subscription_type\" does not exist","userId":1}
{"timestamp":"2025-10-21T16:58:42.197Z","level":"ERROR","message":"Database query error","error":"column \"subscription_type\" does not exist","code":"42703","severity":"ERROR","query":"SELECT subscription_type, is_subscribed, election_creation_limit \n       FROM votteryy_user_subscrip"}
{"timestamp":"2025-10-21T16:58:42.197Z","level":"ERROR","message":"Error getting user subscription info","error":"column \"subscription_type\" does not exist","userId":1}
{"timestamp":"2025-10-21T17:11:41.571Z","level":"ERROR","message":"Database query error","error":"column \"subscription_type\" does not exist","code":"42703","severity":"ERROR","query":"SELECT subscription_type, is_subscribed, election_creation_limit \n       FROM votteryy_user_subscrip"}
{"timestamp":"2025-10-21T17:11:41.571Z","level":"ERROR","message":"Error getting user subscription info","error":"column \"subscription_type\" does not exist","userId":1}
{"timestamp":"2025-10-21T18:12:34.817Z","level":"ERROR","message":"Database query error","error":"column \"subscription_type\" does not exist","code":"42703","severity":"ERROR","query":"SELECT subscription_type, is_subscribed, election_creation_limit \n       FROM votteryy_user_subscrip"}
{"timestamp":"2025-10-21T18:12:34.817Z","level":"ERROR","message":"Error getting user subscription info","error":"column \"subscription_type\" does not exist","userId":1}
{"timestamp":"2025-10-21T18:58:24.486Z","level":"ERROR","message":"Database query error","error":"column \"subscription_type\" does not exist","code":"42703","severity":"ERROR","query":"SELECT subscription_type, is_subscribed, election_creation_limit \n       FROM votteryy_user_subscrip"}
{"timestamp":"2025-10-21T18:58:24.486Z","level":"ERROR","message":"Error getting user subscription info","error":"column \"subscription_type\" does not exist","userId":1}
{"timestamp":"2025-10-21T18:59:55.008Z","level":"ERROR","message":"Database query error","error":"column \"subscription_type\" does not exist","code":"42703","severity":"ERROR","query":"SELECT subscription_type, is_subscribed, election_creation_limit \n       FROM votteryy_user_subscrip"}
{"timestamp":"2025-10-21T18:59:55.008Z","level":"ERROR","message":"Error getting user subscription info","error":"column \"subscription_type\" does not exist","userId":1}
{"timestamp":"2025-10-21T19:04:46.339Z","level":"ERROR","message":"Database query error","error":"column \"subscription_type\" does not exist","code":"42703","severity":"ERROR","query":"SELECT subscription_type, is_subscribed, election_creation_limit \n       FROM votteryy_user_subscrip"}
{"timestamp":"2025-10-21T19:04:46.339Z","level":"ERROR","message":"Error getting user subscription info","error":"column \"subscription_type\" does not exist","userId":1}
{"timestamp":"2025-10-21T19:09:15.653Z","level":"ERROR","message":"Database query error","error":"column \"subscription_type\" does not exist","code":"42703","severity":"ERROR","query":"SELECT subscription_type, is_subscribed, election_creation_limit \n       FROM votteryy_user_subscrip"}
{"timestamp":"2025-10-21T19:09:15.654Z","level":"ERROR","message":"Error getting user subscription info","error":"column \"subscription_type\" does not exist","userId":1}
{"timestamp":"2025-10-21T19:10:48.941Z","level":"ERROR","message":"Database query error","error":"column \"subscription_type\" does not exist","code":"42703","severity":"ERROR","query":"SELECT subscription_type, is_subscribed, election_creation_limit \n       FROM votteryy_user_subscrip"}
{"timestamp":"2025-10-21T19:10:48.941Z","level":"ERROR","message":"Error getting user subscription info","error":"column \"subscription_type\" does not exist","userId":1}
{"timestamp":"2025-10-21T19:21:47.482Z","level":"ERROR","message":"Database query error","error":"column \"subscription_type\" does not exist","code":"42703","severity":"ERROR","query":"SELECT subscription_type, is_subscribed, election_creation_limit \n       FROM votteryy_user_subscrip"}
{"timestamp":"2025-10-21T19:21:47.482Z","level":"ERROR","message":"Error getting user subscription info","error":"column \"subscription_type\" does not exist","userId":1}
{"timestamp":"2025-10-21T19:23:10.426Z","level":"ERROR","message":"Database query error","error":"column \"subscription_type\" does not exist","code":"42703","severity":"ERROR","query":"SELECT subscription_type, is_subscribed, election_creation_limit \n       FROM votteryy_user_subscrip"}
{"timestamp":"2025-10-21T19:23:10.426Z","level":"ERROR","message":"Error getting user subscription info","error":"column \"subscription_type\" does not exist","userId":1}
{"timestamp":"2025-10-21T19:28:23.466Z","level":"ERROR","message":"Database query error","error":"column \"subscription_type\" does not exist","code":"42703","severity":"ERROR","query":"SELECT subscription_type, is_subscribed, election_creation_limit \n       FROM votteryy_user_subscrip"}
{"timestamp":"2025-10-21T19:28:23.466Z","level":"ERROR","message":"Error getting user subscription info","error":"column \"subscription_type\" does not exist","userId":1}
{"timestamp":"2025-10-21T19:31:57.790Z","level":"ERROR","message":"Database query error","error":"column \"subscription_type\" does not exist","code":"42703","severity":"ERROR","query":"SELECT subscription_type, is_subscribed, election_creation_limit \n       FROM votteryy_user_subscrip"}
{"timestamp":"2025-10-21T19:31:57.790Z","level":"ERROR","message":"Error getting user subscription info","error":"column \"subscription_type\" does not exist","userId":1}
{"timestamp":"2025-10-21T19:36:58.131Z","level":"ERROR","message":"Database query error","error":"column \"subscription_type\" does not exist","code":"42703","severity":"ERROR","query":"SELECT subscription_type, is_subscribed, election_creation_limit \n       FROM votteryy_user_subscrip"}
{"timestamp":"2025-10-21T19:36:58.131Z","level":"ERROR","message":"Error getting user subscription info","error":"column \"subscription_type\" does not exist","userId":1}
{"timestamp":"2025-10-21T19:42:45.987Z","level":"ERROR","message":"Database query error","error":"column \"subscription_type\" does not exist","code":"42703","severity":"ERROR","query":"SELECT subscription_type, is_subscribed, election_creation_limit \n       FROM votteryy_user_subscrip"}
{"timestamp":"2025-10-21T19:42:45.987Z","level":"ERROR","message":"Error getting user subscription info","error":"column \"subscription_type\" does not exist","userId":1}
{"timestamp":"2025-10-21T19:47:36.191Z","level":"ERROR","message":"Database query error","error":"column \"subscription_type\" does not exist","code":"42703","severity":"ERROR","query":"SELECT subscription_type, is_subscribed, election_creation_limit \n       FROM votteryy_user_subscrip"}
{"timestamp":"2025-10-21T19:47:36.191Z","level":"ERROR","message":"Error getting user subscription info","error":"column \"subscription_type\" does not exist","userId":1}
{"timestamp":"2025-10-21T19:52:07.963Z","level":"ERROR","message":"Database query error","error":"column \"subscription_type\" does not exist","code":"42703","severity":"ERROR","query":"SELECT subscription_type, is_subscribed, election_creation_limit \n       FROM votteryy_user_subscrip"}
{"timestamp":"2025-10-21T19:52:07.963Z","level":"ERROR","message":"Error getting user subscription info","error":"column \"subscription_type\" does not exist","userId":1}
{"timestamp":"2025-10-21T20:20:54.748Z","level":"ERROR","message":"Database query error","error":"column \"subscription_type\" does not exist","code":"42703","severity":"ERROR","query":"SELECT subscription_type, is_subscribed, election_creation_limit \n       FROM votteryy_user_subscrip"}
{"timestamp":"2025-10-21T20:20:54.748Z","level":"ERROR","message":"Error getting user subscription info","error":"column \"subscription_type\" does not exist","userId":1}
{"timestamp":"2025-10-21T20:26:15.777Z","level":"ERROR","message":"Database query error","error":"column \"subscription_type\" does not exist","code":"42703","severity":"ERROR","query":"SELECT subscription_type, is_subscribed, election_creation_limit \n       FROM votteryy_user_subscrip"}
{"timestamp":"2025-10-21T20:26:15.777Z","level":"ERROR","message":"Error getting user subscription info","error":"column \"subscription_type\" does not exist","userId":1}
{"timestamp":"2025-10-22T04:04:21.484Z","level":"ERROR","message":"Database query error","error":"column \"subscription_type\" does not exist","code":"42703","severity":"ERROR","query":"SELECT subscription_type, is_subscribed, election_creation_limit \n       FROM votteryy_user_subscrip"}
{"timestamp":"2025-10-22T04:04:21.485Z","level":"ERROR","message":"Error getting user subscription info","error":"column \"subscription_type\" does not exist","userId":1}
{"timestamp":"2025-10-22T09:47:58.676Z","level":"ERROR","message":"Database query error","error":"column \"subscription_type\" does not exist","code":"42703","severity":"ERROR","query":"SELECT subscription_type, is_subscribed, election_creation_limit \n       FROM votteryy_user_subscrip"}
{"timestamp":"2025-10-22T09:47:58.677Z","level":"ERROR","message":"Error getting user subscription info","error":"column \"subscription_type\" does not exist","userId":1}
{"timestamp":"2025-10-22T09:51:55.403Z","level":"ERROR","message":"Database query error","error":"column \"subscription_type\" does not exist","code":"42703","severity":"ERROR","query":"SELECT subscription_type, is_subscribed, election_creation_limit \n       FROM votteryy_user_subscrip"}
{"timestamp":"2025-10-22T09:51:55.403Z","level":"ERROR","message":"Error getting user subscription info","error":"column \"subscription_type\" does not exist","userId":1}
{"timestamp":"2025-10-22T09:56:38.688Z","level":"ERROR","message":"Database query error","error":"column \"subscription_type\" does not exist","code":"42703","severity":"ERROR","query":"SELECT subscription_type, is_subscribed, election_creation_limit \n       FROM votteryy_user_subscrip"}
{"timestamp":"2025-10-22T09:56:38.689Z","level":"ERROR","message":"Error getting user subscription info","error":"column \"subscription_type\" does not exist","userId":1}
{"timestamp":"2025-10-22T10:21:05.327Z","level":"ERROR","message":"Database query error","error":"column \"subscription_type\" does not exist","code":"42703","severity":"ERROR","query":"SELECT subscription_type, is_subscribed, election_creation_limit \n       FROM votteryy_user_subscrip"}
{"timestamp":"2025-10-22T10:21:05.328Z","level":"ERROR","message":"Error getting user subscription info","error":"column \"subscription_type\" does not exist","userId":1}
{"timestamp":"2025-10-22T10:29:43.476Z","level":"ERROR","message":"Database query error","error":"column \"subscription_type\" does not exist","code":"42703","severity":"ERROR","query":"SELECT subscription_type, is_subscribed, election_creation_limit \n       FROM votteryy_user_subscrip"}
{"timestamp":"2025-10-22T10:29:43.477Z","level":"ERROR","message":"Error getting user subscription info","error":"column \"subscription_type\" does not exist","userId":1}
{"timestamp":"2025-10-22T10:48:26.406Z","level":"ERROR","message":"Database query error","error":"column \"subscription_type\" does not exist","code":"42703","severity":"ERROR","query":"SELECT subscription_type, is_subscribed, election_creation_limit \n       FROM votteryy_user_subscrip"}
{"timestamp":"2025-10-22T10:48:26.406Z","level":"ERROR","message":"Error getting user subscription info","error":"column \"subscription_type\" does not exist","userId":1}
{"timestamp":"2025-10-22T10:53:35.962Z","level":"ERROR","message":"Database query error","error":"column \"subscription_type\" does not exist","code":"42703","severity":"ERROR","query":"SELECT subscription_type, is_subscribed, election_creation_limit \n       FROM votteryy_user_subscrip"}
{"timestamp":"2025-10-22T10:53:35.962Z","level":"ERROR","message":"Error getting user subscription info","error":"column \"subscription_type\" does not exist","userId":1}
{"timestamp":"2025-10-22T11:25:01.472Z","level":"ERROR","message":"Database query error","error":"column \"subscription_type\" does not exist","code":"42703","severity":"ERROR","query":"SELECT subscription_type, is_subscribed, election_creation_limit \n       FROM votteryy_user_subscrip"}
{"timestamp":"2025-10-22T11:25:01.473Z","level":"ERROR","message":"Error getting user subscription info","error":"column \"subscription_type\" does not exist","userId":1}
{"timestamp":"2025-10-22T11:34:47.103Z","level":"ERROR","message":"Database query error","error":"column \"subscription_type\" does not exist","code":"42703","severity":"ERROR","query":"SELECT subscription_type, is_subscribed, election_creation_limit \n       FROM votteryy_user_subscrip"}
{"timestamp":"2025-10-22T11:34:47.104Z","level":"ERROR","message":"Error getting user subscription info","error":"column \"subscription_type\" does not exist","userId":1}
{"timestamp":"2025-10-22T11:43:43.409Z","level":"ERROR","message":"Database query error","error":"column \"subscription_type\" does not exist","code":"42703","severity":"ERROR","query":"SELECT subscription_type, is_subscribed, election_creation_limit \n       FROM votteryy_user_subscrip"}
{"timestamp":"2025-10-22T11:43:43.410Z","level":"ERROR","message":"Error getting user subscription info","error":"column \"subscription_type\" does not exist","userId":1}
{"timestamp":"2025-10-22T15:02:43.736Z","level":"ERROR","message":"Database query error","error":"column \"subscription_type\" does not exist","code":"42703","severity":"ERROR","query":"SELECT subscription_type, is_subscribed, election_creation_limit \n       FROM votteryy_user_subscrip"}
{"timestamp":"2025-10-22T15:02:43.737Z","level":"ERROR","message":"Error getting user subscription info","error":"column \"subscription_type\" does not exist","userId":1}
{"timestamp":"2025-10-22T16:48:15.379Z","level":"ERROR","message":"Database query error","error":"column \"subscription_type\" does not exist","code":"42703","severity":"ERROR","query":"SELECT subscription_type, is_subscribed, election_creation_limit \n       FROM votteryy_user_subscrip"}
{"timestamp":"2025-10-22T16:48:15.380Z","level":"ERROR","message":"Error getting user subscription info","error":"column \"subscription_type\" does not exist","userId":1}
{"timestamp":"2025-10-22T16:57:09.706Z","level":"ERROR","message":"Database query error","error":"column \"subscription_type\" does not exist","code":"42703","severity":"ERROR","query":"SELECT subscription_type, is_subscribed, election_creation_limit \n       FROM votteryy_user_subscrip"}
{"timestamp":"2025-10-22T16:57:09.706Z","level":"ERROR","message":"Error getting user subscription info","error":"column \"subscription_type\" does not exist","userId":1}
{"timestamp":"2025-10-22T17:02:36.057Z","level":"ERROR","message":"Database query error","error":"column \"subscription_type\" does not exist","code":"42703","severity":"ERROR","query":"SELECT subscription_type, is_subscribed, election_creation_limit \n       FROM votteryy_user_subscrip"}
{"timestamp":"2025-10-22T17:02:36.057Z","level":"ERROR","message":"Error getting user subscription info","error":"column \"subscription_type\" does not exist","userId":1}
{"timestamp":"2025-10-22T17:14:08.184Z","level":"ERROR","message":"Database query error","error":"column \"subscription_type\" does not exist","code":"42703","severity":"ERROR","query":"SELECT subscription_type, is_subscribed, election_creation_limit \n       FROM votteryy_user_subscrip"}
{"timestamp":"2025-10-22T17:14:08.184Z","level":"ERROR","message":"Error getting user subscription info","error":"column \"subscription_type\" does not exist","userId":1}
{"timestamp":"2025-10-22T17:15:39.832Z","level":"ERROR","message":"Database query error","error":"column \"subscription_type\" does not exist","code":"42703","severity":"ERROR","query":"SELECT subscription_type, is_subscribed, election_creation_limit \n       FROM votteryy_user_subscrip"}
{"timestamp":"2025-10-22T17:15:39.833Z","level":"ERROR","message":"Error getting user subscription info","error":"column \"subscription_type\" does not exist","userId":1}
{"timestamp":"2025-10-22T17:18:10.156Z","level":"ERROR","message":"Database query error","error":"column \"subscription_type\" does not exist","code":"42703","severity":"ERROR","query":"SELECT subscription_type, is_subscribed, election_creation_limit \n       FROM votteryy_user_subscrip"}
{"timestamp":"2025-10-22T17:18:10.157Z","level":"ERROR","message":"Error getting user subscription info","error":"column \"subscription_type\" does not exist","userId":1}
{"timestamp":"2025-10-22T17:26:54.245Z","level":"ERROR","message":"Database query error","error":"column \"subscription_type\" does not exist","code":"42703","severity":"ERROR","query":"SELECT subscription_type, is_subscribed, election_creation_limit \n       FROM votteryy_user_subscrip"}
{"timestamp":"2025-10-22T17:26:54.245Z","level":"ERROR","message":"Error getting user subscription info","error":"column \"subscription_type\" does not exist","userId":1}
{"timestamp":"2025-10-22T17:29:44.538Z","level":"ERROR","message":"Database query error","error":"column \"subscription_type\" does not exist","code":"42703","severity":"ERROR","query":"SELECT subscription_type, is_subscribed, election_creation_limit \n       FROM votteryy_user_subscrip"}
{"timestamp":"2025-10-22T17:29:44.538Z","level":"ERROR","message":"Error getting user subscription info","error":"column \"subscription_type\" does not exist","userId":1}
{"timestamp":"2025-10-22T17:35:28.602Z","level":"ERROR","message":"Database query error","error":"column \"subscription_type\" does not exist","code":"42703","severity":"ERROR","query":"SELECT subscription_type, is_subscribed, election_creation_limit \n       FROM votteryy_user_subscrip"}
{"timestamp":"2025-10-22T17:35:28.602Z","level":"ERROR","message":"Error getting user subscription info","error":"column \"subscription_type\" does not exist","userId":1}
{"timestamp":"2025-10-22T17:38:35.797Z","level":"ERROR","message":"Database query error","error":"column \"subscription_type\" does not exist","code":"42703","severity":"ERROR","query":"SELECT subscription_type, is_subscribed, election_creation_limit \n       FROM votteryy_user_subscrip"}
{"timestamp":"2025-10-22T17:38:35.797Z","level":"ERROR","message":"Error getting user subscription info","error":"column \"subscription_type\" does not exist","userId":1}
{"timestamp":"2025-10-22T17:54:20.336Z","level":"ERROR","message":"Database query error","error":"column \"subscription_type\" does not exist","code":"42703","severity":"ERROR","query":"SELECT subscription_type, is_subscribed, election_creation_limit \n       FROM votteryy_user_subscrip"}
{"timestamp":"2025-10-22T17:54:20.336Z","level":"ERROR","message":"Error getting user subscription info","error":"column \"subscription_type\" does not exist","userId":1}
{"timestamp":"2025-10-22T17:57:59.987Z","level":"ERROR","message":"Database query error","error":"column \"subscription_type\" does not exist","code":"42703","severity":"ERROR","query":"SELECT subscription_type, is_subscribed, election_creation_limit \n       FROM votteryy_user_subscrip"}
{"timestamp":"2025-10-22T17:57:59.987Z","level":"ERROR","message":"Error getting user subscription info","error":"column \"subscription_type\" does not exist","userId":1}
{"timestamp":"2025-10-22T17:58:53.982Z","level":"ERROR","message":"Database query error","error":"column \"subscription_type\" does not exist","code":"42703","severity":"ERROR","query":"SELECT subscription_type, is_subscribed, election_creation_limit \n       FROM votteryy_user_subscrip"}
{"timestamp":"2025-10-22T17:58:53.982Z","level":"ERROR","message":"Error getting user subscription info","error":"column \"subscription_type\" does not exist","userId":1}
{"timestamp":"2025-10-22T18:03:59.182Z","level":"ERROR","message":"Database query error","error":"column \"subscription_type\" does not exist","code":"42703","severity":"ERROR","query":"SELECT subscription_type, is_subscribed, election_creation_limit \n       FROM votteryy_user_subscrip"}
{"timestamp":"2025-10-22T18:03:59.182Z","level":"ERROR","message":"Error getting user subscription info","error":"column \"subscription_type\" does not exist","userId":1}
{"timestamp":"2025-10-22T18:05:02.084Z","level":"ERROR","message":"Database query error","error":"column \"subscription_type\" does not exist","code":"42703","severity":"ERROR","query":"SELECT subscription_type, is_subscribed, election_creation_limit \n       FROM votteryy_user_subscrip"}
{"timestamp":"2025-10-22T18:05:02.084Z","level":"ERROR","message":"Error getting user subscription info","error":"column \"subscription_type\" does not exist","userId":1}
{"timestamp":"2025-10-22T18:10:48.812Z","level":"ERROR","message":"Database query error","error":"column \"subscription_type\" does not exist","code":"42703","severity":"ERROR","query":"SELECT subscription_type, is_subscribed, election_creation_limit \n       FROM votteryy_user_subscrip"}
{"timestamp":"2025-10-22T18:10:48.812Z","level":"ERROR","message":"Error getting user subscription info","error":"column \"subscription_type\" does not exist","userId":1}
{"timestamp":"2025-10-22T23:37:47.069Z","level":"ERROR","message":"Database query error","error":"column \"subscription_type\" does not exist","code":"42703","severity":"ERROR","query":"SELECT subscription_type, is_subscribed, election_creation_limit \n       FROM votteryy_user_subscrip"}
{"timestamp":"2025-10-22T23:37:47.069Z","level":"ERROR","message":"Error getting user subscription info","error":"column \"subscription_type\" does not exist","userId":1}
{"timestamp":"2025-10-22T23:50:45.266Z","level":"ERROR","message":"Database query error","error":"column \"subscription_type\" does not exist","code":"42703","severity":"ERROR","query":"SELECT subscription_type, is_subscribed, election_creation_limit \n       FROM votteryy_user_subscrip"}
{"timestamp":"2025-10-22T23:50:45.266Z","level":"ERROR","message":"Error getting user subscription info","error":"column \"subscription_type\" does not exist","userId":1}
{"timestamp":"2025-10-23T00:04:40.807Z","level":"ERROR","message":"Database query error","error":"column \"subscription_type\" does not exist","code":"42703","severity":"ERROR","query":"SELECT subscription_type, is_subscribed, election_creation_limit \n       FROM votteryy_user_subscrip"}
{"timestamp":"2025-10-23T00:04:40.807Z","level":"ERROR","message":"Error getting user subscription info","error":"column \"subscription_type\" does not exist","userId":1}
{"timestamp":"2025-10-23T00:14:58.388Z","level":"ERROR","message":"Database query error","error":"column \"subscription_type\" does not exist","code":"42703","severity":"ERROR","query":"SELECT subscription_type, is_subscribed, election_creation_limit \n       FROM votteryy_user_subscrip"}
{"timestamp":"2025-10-23T00:14:58.388Z","level":"ERROR","message":"Error getting user subscription info","error":"column \"subscription_type\" does not exist","userId":1}
{"timestamp":"2025-10-23T00:20:01.698Z","level":"ERROR","message":"Database query error","error":"column \"subscription_type\" does not exist","code":"42703","severity":"ERROR","query":"SELECT subscription_type, is_subscribed, election_creation_limit \n       FROM votteryy_user_subscrip"}
{"timestamp":"2025-10-23T00:20:01.699Z","level":"ERROR","message":"Error getting user subscription info","error":"column \"subscription_type\" does not exist","userId":1}
{"timestamp":"2025-10-23T00:22:17.279Z","level":"ERROR","message":"Database query error","error":"column \"subscription_type\" does not exist","code":"42703","severity":"ERROR","query":"SELECT subscription_type, is_subscribed, election_creation_limit \n       FROM votteryy_user_subscrip"}
{"timestamp":"2025-10-23T00:22:17.279Z","level":"ERROR","message":"Error getting user subscription info","error":"column \"subscription_type\" does not exist","userId":1}
{"timestamp":"2025-10-23T00:31:04.745Z","level":"ERROR","message":"Database query error","error":"column \"subscription_type\" does not exist","code":"42703","severity":"ERROR","query":"SELECT subscription_type, is_subscribed, election_creation_limit \n       FROM votteryy_user_subscrip"}
{"timestamp":"2025-10-23T00:31:04.745Z","level":"ERROR","message":"Error getting user subscription info","error":"column \"subscription_type\" does not exist","userId":1}
{"timestamp":"2025-10-23T00:38:00.801Z","level":"ERROR","message":"Database query error","error":"column \"subscription_type\" does not exist","code":"42703","severity":"ERROR","query":"SELECT subscription_type, is_subscribed, election_creation_limit \n       FROM votteryy_user_subscrip"}
{"timestamp":"2025-10-23T00:38:00.801Z","level":"ERROR","message":"Error getting user subscription info","error":"column \"subscription_type\" does not exist","userId":1}
{"timestamp":"2025-10-23T01:06:05.631Z","level":"ERROR","message":"Database query error","error":"column \"subscription_type\" does not exist","code":"42703","severity":"ERROR","query":"SELECT subscription_type, is_subscribed, election_creation_limit \n       FROM votteryy_user_subscrip"}
{"timestamp":"2025-10-23T01:06:05.639Z","level":"ERROR","message":"Error getting user subscription info","error":"column \"subscription_type\" does not exist","userId":1}
{"timestamp":"2025-10-23T01:12:11.682Z","level":"ERROR","message":"Database query error","error":"column \"subscription_type\" does not exist","code":"42703","severity":"ERROR","query":"SELECT subscription_type, is_subscribed, election_creation_limit \n       FROM votteryy_user_subscrip"}
{"timestamp":"2025-10-23T01:12:11.682Z","level":"ERROR","message":"Error getting user subscription info","error":"column \"subscription_type\" does not exist","userId":1}
{"timestamp":"2025-10-23T01:20:55.975Z","level":"ERROR","message":"Database query error","error":"column \"subscription_type\" does not exist","code":"42703","severity":"ERROR","query":"SELECT subscription_type, is_subscribed, election_creation_limit \n       FROM votteryy_user_subscrip"}
{"timestamp":"2025-10-23T01:20:55.975Z","level":"ERROR","message":"Error getting user subscription info","error":"column \"subscription_type\" does not exist","userId":1}
{"timestamp":"2025-10-23T02:07:37.662Z","level":"ERROR","message":"Database query error","error":"column \"subscription_type\" does not exist","code":"42703","severity":"ERROR","query":"SELECT subscription_type, is_subscribed, election_creation_limit \n       FROM votteryy_user_subscrip"}
{"timestamp":"2025-10-23T02:07:37.662Z","level":"ERROR","message":"Error getting user subscription info","error":"column \"subscription_type\" does not exist","userId":1}
{"timestamp":"2025-10-23T06:11:16.908Z","level":"ERROR","message":"Database query error","error":"column \"subscription_type\" does not exist","code":"42703","severity":"ERROR","query":"SELECT subscription_type, is_subscribed, election_creation_limit \n       FROM votteryy_user_subscrip"}
{"timestamp":"2025-10-23T06:11:16.909Z","level":"ERROR","message":"Error getting user subscription info","error":"column \"subscription_type\" does not exist","userId":1}
{"timestamp":"2025-10-23T06:18:28.628Z","level":"ERROR","message":"Database query error","error":"column \"subscription_type\" does not exist","code":"42703","severity":"ERROR","query":"SELECT subscription_type, is_subscribed, election_creation_limit \n       FROM votteryy_user_subscrip"}
{"timestamp":"2025-10-23T06:18:28.628Z","level":"ERROR","message":"Error getting user subscription info","error":"column \"subscription_type\" does not exist","userId":1}
{"timestamp":"2025-10-23T06:33:33.133Z","level":"ERROR","message":"Database query error","error":"column \"subscription_type\" does not exist","code":"42703","severity":"ERROR","query":"SELECT subscription_type, is_subscribed, election_creation_limit \n       FROM votteryy_user_subscrip"}
{"timestamp":"2025-10-23T06:33:33.133Z","level":"ERROR","message":"Error getting user subscription info","error":"column \"subscription_type\" does not exist","userId":1}
{"timestamp":"2025-10-23T08:03:07.333Z","level":"ERROR","message":"Database query error","error":"column \"subscription_type\" does not exist","code":"42703","severity":"ERROR","query":"SELECT subscription_type, is_subscribed, election_creation_limit \n       FROM votteryy_user_subscrip"}
{"timestamp":"2025-10-23T08:03:07.333Z","level":"ERROR","message":"Error getting user subscription info","error":"column \"subscription_type\" does not exist","userId":1}
{"timestamp":"2025-10-23T08:04:38.161Z","level":"ERROR","message":"Database query error","error":"column \"subscription_type\" does not exist","code":"42703","severity":"ERROR","query":"SELECT subscription_type, is_subscribed, election_creation_limit \n       FROM votteryy_user_subscrip"}
{"timestamp":"2025-10-23T08:04:38.161Z","level":"ERROR","message":"Error getting user subscription info","error":"column \"subscription_type\" does not exist","userId":5}
{"timestamp":"2025-10-23T08:06:07.967Z","level":"ERROR","message":"Database query error","error":"column \"subscription_type\" does not exist","code":"42703","severity":"ERROR","query":"SELECT subscription_type, is_subscribed, election_creation_limit \n       FROM votteryy_user_subscrip"}
{"timestamp":"2025-10-23T08:06:07.967Z","level":"ERROR","message":"Error getting user subscription info","error":"column \"subscription_type\" does not exist","userId":5}
{"timestamp":"2025-10-23T08:07:55.591Z","level":"ERROR","message":"Database query error","error":"column \"subscription_type\" does not exist","code":"42703","severity":"ERROR","query":"SELECT subscription_type, is_subscribed, election_creation_limit \n       FROM votteryy_user_subscrip"}
{"timestamp":"2025-10-23T08:07:55.592Z","level":"ERROR","message":"Error getting user subscription info","error":"column \"subscription_type\" does not exist","userId":7}
{"timestamp":"2025-10-23T08:09:21.197Z","level":"ERROR","message":"Database query error","error":"column \"subscription_type\" does not exist","code":"42703","severity":"ERROR","query":"SELECT subscription_type, is_subscribed, election_creation_limit \n       FROM votteryy_user_subscrip"}
{"timestamp":"2025-10-23T08:09:21.197Z","level":"ERROR","message":"Error getting user subscription info","error":"column \"subscription_type\" does not exist","userId":7}
{"timestamp":"2025-10-23T10:18:11.088Z","level":"ERROR","message":"Database query error","error":"column \"subscription_type\" does not exist","code":"42703","severity":"ERROR","query":"SELECT subscription_type, is_subscribed, election_creation_limit \n       FROM votteryy_user_subscrip"}
{"timestamp":"2025-10-23T10:18:11.093Z","level":"ERROR","message":"Error getting user subscription info","error":"column \"subscription_type\" does not exist","userId":1}
{"timestamp":"2025-10-23T13:03:56.608Z","level":"ERROR","message":"Database query error","error":"column \"subscription_type\" does not exist","code":"42703","severity":"ERROR","query":"SELECT subscription_type, is_subscribed, election_creation_limit \n       FROM votteryy_user_subscrip"}
{"timestamp":"2025-10-23T13:03:56.609Z","level":"ERROR","message":"Error getting user subscription info","error":"column \"subscription_type\" does not exist","userId":5}
{"timestamp":"2025-10-23T13:07:21.102Z","level":"ERROR","message":"Database query error","error":"column \"subscription_type\" does not exist","code":"42703","severity":"ERROR","query":"SELECT subscription_type, is_subscribed, election_creation_limit \n       FROM votteryy_user_subscrip"}
{"timestamp":"2025-10-23T13:07:21.102Z","level":"ERROR","message":"Error getting user subscription info","error":"column \"subscription_type\" does not exist","userId":1}
{"timestamp":"2025-10-23T13:28:26.920Z","level":"ERROR","message":"Database query error","error":"column \"subscription_type\" does not exist","code":"42703","severity":"ERROR","query":"SELECT subscription_type, is_subscribed, election_creation_limit \n       FROM votteryy_user_subscrip"}
{"timestamp":"2025-10-23T13:28:26.920Z","level":"ERROR","message":"Error getting user subscription info","error":"column \"subscription_type\" does not exist","userId":5}
{"timestamp":"2025-10-23T13:35:33.586Z","level":"ERROR","message":"Database query error","error":"column \"subscription_type\" does not exist","code":"42703","severity":"ERROR","query":"SELECT subscription_type, is_subscribed, election_creation_limit \n       FROM votteryy_user_subscrip"}
{"timestamp":"2025-10-23T13:35:33.586Z","level":"ERROR","message":"Error getting user subscription info","error":"column \"subscription_type\" does not exist","userId":5}
{"timestamp":"2025-10-23T13:40:20.920Z","level":"ERROR","message":"Database query error","error":"column \"subscription_type\" does not exist","code":"42703","severity":"ERROR","query":"SELECT subscription_type, is_subscribed, election_creation_limit \n       FROM votteryy_user_subscrip"}
{"timestamp":"2025-10-23T13:40:20.920Z","level":"ERROR","message":"Error getting user subscription info","error":"column \"subscription_type\" does not exist","userId":1}
{"timestamp":"2025-10-23T13:47:55.376Z","level":"ERROR","message":"Database query error","error":"column \"subscription_type\" does not exist","code":"42703","severity":"ERROR","query":"SELECT subscription_type, is_subscribed, election_creation_limit \n       FROM votteryy_user_subscrip"}
{"timestamp":"2025-10-23T13:47:55.376Z","level":"ERROR","message":"Error getting user subscription info","error":"column \"subscription_type\" does not exist","userId":1}
{"timestamp":"2025-10-23T13:54:22.555Z","level":"ERROR","message":"Database query error","error":"column \"subscription_type\" does not exist","code":"42703","severity":"ERROR","query":"SELECT subscription_type, is_subscribed, election_creation_limit \n       FROM votteryy_user_subscrip"}
{"timestamp":"2025-10-23T13:54:22.555Z","level":"ERROR","message":"Error getting user subscription info","error":"column \"subscription_type\" does not exist","userId":1}
{"timestamp":"2025-10-23T14:02:05.408Z","level":"ERROR","message":"Database query error","error":"column \"subscription_type\" does not exist","code":"42703","severity":"ERROR","query":"SELECT subscription_type, is_subscribed, election_creation_limit \n       FROM votteryy_user_subscrip"}
{"timestamp":"2025-10-23T14:02:05.408Z","level":"ERROR","message":"Error getting user subscription info","error":"column \"subscription_type\" does not exist","userId":1}
{"timestamp":"2025-10-23T14:10:23.893Z","level":"ERROR","message":"Database query error","error":"column \"subscription_type\" does not exist","code":"42703","severity":"ERROR","query":"SELECT subscription_type, is_subscribed, election_creation_limit \n       FROM votteryy_user_subscrip"}
{"timestamp":"2025-10-23T14:10:23.894Z","level":"ERROR","message":"Error getting user subscription info","error":"column \"subscription_type\" does not exist","userId":1}
{"timestamp":"2025-10-23T14:14:16.549Z","level":"ERROR","message":"Database query error","error":"column \"subscription_type\" does not exist","code":"42703","severity":"ERROR","query":"SELECT subscription_type, is_subscribed, election_creation_limit \n       FROM votteryy_user_subscrip"}
{"timestamp":"2025-10-23T14:14:16.549Z","level":"ERROR","message":"Error getting user subscription info","error":"column \"subscription_type\" does not exist","userId":1}
{"timestamp":"2025-10-23T14:23:21.525Z","level":"ERROR","message":"Database query error","error":"column \"subscription_type\" does not exist","code":"42703","severity":"ERROR","query":"SELECT subscription_type, is_subscribed, election_creation_limit \n       FROM votteryy_user_subscrip"}
{"timestamp":"2025-10-23T14:23:21.526Z","level":"ERROR","message":"Error getting user subscription info","error":"column \"subscription_type\" does not exist","userId":1}
{"timestamp":"2025-10-23T14:28:52.996Z","level":"ERROR","message":"Database query error","error":"column \"subscription_type\" does not exist","code":"42703","severity":"ERROR","query":"SELECT subscription_type, is_subscribed, election_creation_limit \n       FROM votteryy_user_subscrip"}
{"timestamp":"2025-10-23T14:28:52.997Z","level":"ERROR","message":"Error getting user subscription info","error":"column \"subscription_type\" does not exist","userId":1}
{"timestamp":"2025-10-23T14:36:13.116Z","level":"ERROR","message":"Database query error","error":"column \"subscription_type\" does not exist","code":"42703","severity":"ERROR","query":"SELECT subscription_type, is_subscribed, election_creation_limit \n       FROM votteryy_user_subscrip"}
{"timestamp":"2025-10-23T14:36:13.116Z","level":"ERROR","message":"Error getting user subscription info","error":"column \"subscription_type\" does not exist","userId":1}
{"timestamp":"2025-10-23T14:44:00.984Z","level":"ERROR","message":"Database query error","error":"column \"subscription_type\" does not exist","code":"42703","severity":"ERROR","query":"SELECT subscription_type, is_subscribed, election_creation_limit \n       FROM votteryy_user_subscrip"}
{"timestamp":"2025-10-23T14:44:00.984Z","level":"ERROR","message":"Error getting user subscription info","error":"column \"subscription_type\" does not exist","userId":1}
{"timestamp":"2025-10-23T15:06:48.951Z","level":"ERROR","message":"Database query error","error":"column \"subscription_type\" does not exist","code":"42703","severity":"ERROR","query":"SELECT subscription_type, is_subscribed, election_creation_limit \n       FROM votteryy_user_subscrip"}
{"timestamp":"2025-10-23T15:06:48.952Z","level":"ERROR","message":"Error getting user subscription info","error":"column \"subscription_type\" does not exist","userId":1}
{"timestamp":"2025-10-23T15:46:15.875Z","level":"ERROR","message":"Database query error","error":"column \"subscription_type\" does not exist","code":"42703","severity":"ERROR","query":"SELECT subscription_type, is_subscribed, election_creation_limit \n       FROM votteryy_user_subscrip"}
{"timestamp":"2025-10-23T15:46:15.875Z","level":"ERROR","message":"Error getting user subscription info","error":"column \"subscription_type\" does not exist","userId":1}
{"timestamp":"2025-10-23T15:54:50.306Z","level":"ERROR","message":"Database query error","error":"column \"subscription_type\" does not exist","code":"42703","severity":"ERROR","query":"SELECT subscription_type, is_subscribed, election_creation_limit \n       FROM votteryy_user_subscrip"}
{"timestamp":"2025-10-23T15:54:50.306Z","level":"ERROR","message":"Error getting user subscription info","error":"column \"subscription_type\" does not exist","userId":1}
{"timestamp":"2025-10-23T16:03:16.961Z","level":"ERROR","message":"Database query error","error":"column \"subscription_type\" does not exist","code":"42703","severity":"ERROR","query":"SELECT subscription_type, is_subscribed, election_creation_limit \n       FROM votteryy_user_subscrip"}
{"timestamp":"2025-10-23T16:03:16.962Z","level":"ERROR","message":"Error getting user subscription info","error":"column \"subscription_type\" does not exist","userId":1}
{"timestamp":"2025-10-23T16:12:33.637Z","level":"ERROR","message":"Database query error","error":"column \"subscription_type\" does not exist","code":"42703","severity":"ERROR","query":"SELECT subscription_type, is_subscribed, election_creation_limit \n       FROM votteryy_user_subscrip"}
{"timestamp":"2025-10-23T16:12:33.637Z","level":"ERROR","message":"Error getting user subscription info","error":"column \"subscription_type\" does not exist","userId":1}
{"timestamp":"2025-10-23T16:22:57.797Z","level":"ERROR","message":"Database query error","error":"column \"subscription_type\" does not exist","code":"42703","severity":"ERROR","query":"SELECT subscription_type, is_subscribed, election_creation_limit \n       FROM votteryy_user_subscrip"}
{"timestamp":"2025-10-23T16:22:57.798Z","level":"ERROR","message":"Error getting user subscription info","error":"column \"subscription_type\" does not exist","userId":1}
{"timestamp":"2025-10-23T16:33:11.459Z","level":"ERROR","message":"Database query error","error":"column \"subscription_type\" does not exist","code":"42703","severity":"ERROR","query":"SELECT subscription_type, is_subscribed, election_creation_limit \n       FROM votteryy_user_subscrip"}
{"timestamp":"2025-10-23T16:33:11.459Z","level":"ERROR","message":"Error getting user subscription info","error":"column \"subscription_type\" does not exist","userId":1}
{"timestamp":"2025-10-24T05:41:27.549Z","level":"ERROR","message":"Database query error","error":"column \"subscription_type\" does not exist","code":"42703","severity":"ERROR","query":"SELECT subscription_type, is_subscribed, election_creation_limit \n       FROM votteryy_user_subscrip"}
{"timestamp":"2025-10-24T05:41:27.550Z","level":"ERROR","message":"Error getting user subscription info","error":"column \"subscription_type\" does not exist","userId":1}
{"timestamp":"2025-10-24T10:29:32.649Z","level":"ERROR","message":"Database query error","error":"column \"subscription_type\" does not exist","code":"42703","severity":"ERROR","query":"SELECT subscription_type, is_subscribed, election_creation_limit \n       FROM votteryy_user_subscrip"}
{"timestamp":"2025-10-24T10:29:32.650Z","level":"ERROR","message":"Error getting user subscription info","error":"column \"subscription_type\" does not exist","userId":1}
{"timestamp":"2025-10-24T10:31:44.971Z","level":"ERROR","message":"Database query error","error":"column \"subscription_type\" does not exist","code":"42703","severity":"ERROR","query":"SELECT subscription_type, is_subscribed, election_creation_limit \n       FROM votteryy_user_subscrip"}
{"timestamp":"2025-10-24T10:31:44.971Z","level":"ERROR","message":"Error getting user subscription info","error":"column \"subscription_type\" does not exist","userId":1}
{"timestamp":"2025-10-24T12:57:42.800Z","level":"ERROR","message":"Database query error","error":"column \"subscription_type\" does not exist","code":"42703","severity":"ERROR","query":"SELECT subscription_type, is_subscribed, election_creation_limit \n       FROM votteryy_user_subscrip"}
{"timestamp":"2025-10-24T12:57:42.802Z","level":"ERROR","message":"Error getting user subscription info","error":"column \"subscription_type\" does not exist","userId":1}
{"timestamp":"2025-10-24T13:59:11.177Z","level":"ERROR","message":"Database query error","error":"column \"subscription_type\" does not exist","code":"42703","severity":"ERROR","query":"SELECT subscription_type, is_subscribed, election_creation_limit \n       FROM votteryy_user_subscrip"}
{"timestamp":"2025-10-24T13:59:11.191Z","level":"ERROR","message":"Error getting user subscription info","error":"column \"subscription_type\" does not exist","userId":1}
{"timestamp":"2025-10-24T14:01:53.073Z","level":"ERROR","message":"Database query error","error":"column \"subscription_type\" does not exist","code":"42703","severity":"ERROR","query":"SELECT subscription_type, is_subscribed, election_creation_limit \n       FROM votteryy_user_subscrip"}
{"timestamp":"2025-10-24T14:01:53.074Z","level":"ERROR","message":"Error getting user subscription info","error":"column \"subscription_type\" does not exist","userId":1}
{"timestamp":"2025-10-24T14:10:12.480Z","level":"ERROR","message":"Database query error","error":"column \"subscription_type\" does not exist","code":"42703","severity":"ERROR","query":"SELECT subscription_type, is_subscribed, election_creation_limit \n       FROM votteryy_user_subscrip"}
{"timestamp":"2025-10-24T14:10:12.481Z","level":"ERROR","message":"Error getting user subscription info","error":"column \"subscription_type\" does not exist","userId":1}
{"timestamp":"2025-10-24T14:22:27.615Z","level":"ERROR","message":"Database query error","error":"column \"subscription_type\" does not exist","code":"42703","severity":"ERROR","query":"SELECT subscription_type, is_subscribed, election_creation_limit \n       FROM votteryy_user_subscrip"}
{"timestamp":"2025-10-24T14:22:27.616Z","level":"ERROR","message":"Error getting user subscription info","error":"column \"subscription_type\" does not exist","userId":1}
{"timestamp":"2025-10-24T14:39:13.396Z","level":"ERROR","message":"Database query error","error":"column \"subscription_type\" does not exist","code":"42703","severity":"ERROR","query":"SELECT subscription_type, is_subscribed, election_creation_limit \n       FROM votteryy_user_subscrip"}
{"timestamp":"2025-10-24T14:39:13.396Z","level":"ERROR","message":"Error getting user subscription info","error":"column \"subscription_type\" does not exist","userId":1}
{"timestamp":"2025-10-24T14:43:19.342Z","level":"ERROR","message":"Database query error","error":"column \"subscription_type\" does not exist","code":"42703","severity":"ERROR","query":"SELECT subscription_type, is_subscribed, election_creation_limit \n       FROM votteryy_user_subscrip"}
{"timestamp":"2025-10-24T14:43:19.343Z","level":"ERROR","message":"Error getting user subscription info","error":"column \"subscription_type\" does not exist","userId":1}
{"timestamp":"2025-10-24T14:54:36.642Z","level":"ERROR","message":"Database query error","error":"column \"subscription_type\" does not exist","code":"42703","severity":"ERROR","query":"SELECT subscription_type, is_subscribed, election_creation_limit \n       FROM votteryy_user_subscrip"}
{"timestamp":"2025-10-24T14:54:36.642Z","level":"ERROR","message":"Error getting user subscription info","error":"column \"subscription_type\" does not exist","userId":1}
{"timestamp":"2025-10-24T14:58:59.504Z","level":"ERROR","message":"Database query error","error":"column \"subscription_type\" does not exist","code":"42703","severity":"ERROR","query":"SELECT subscription_type, is_subscribed, election_creation_limit \n       FROM votteryy_user_subscrip"}
{"timestamp":"2025-10-24T14:58:59.504Z","level":"ERROR","message":"Error getting user subscription info","error":"column \"subscription_type\" does not exist","userId":1}
{"timestamp":"2025-10-24T15:03:19.295Z","level":"ERROR","message":"Database query error","error":"column \"subscription_type\" does not exist","code":"42703","severity":"ERROR","query":"SELECT subscription_type, is_subscribed, election_creation_limit \n       FROM votteryy_user_subscrip"}
{"timestamp":"2025-10-24T15:03:19.295Z","level":"ERROR","message":"Error getting user subscription info","error":"column \"subscription_type\" does not exist","userId":1}
{"timestamp":"2025-10-24T15:09:48.521Z","level":"ERROR","message":"Database query error","error":"column \"subscription_type\" does not exist","code":"42703","severity":"ERROR","query":"SELECT subscription_type, is_subscribed, election_creation_limit \n       FROM votteryy_user_subscrip"}
{"timestamp":"2025-10-24T15:09:48.522Z","level":"ERROR","message":"Error getting user subscription info","error":"column \"subscription_type\" does not exist","userId":1}
{"timestamp":"2025-10-24T15:18:14.279Z","level":"ERROR","message":"Database query error","error":"column \"subscription_type\" does not exist","code":"42703","severity":"ERROR","query":"SELECT subscription_type, is_subscribed, election_creation_limit \n       FROM votteryy_user_subscrip"}
{"timestamp":"2025-10-24T15:18:14.279Z","level":"ERROR","message":"Error getting user subscription info","error":"column \"subscription_type\" does not exist","userId":1}
{"timestamp":"2025-10-24T15:23:40.116Z","level":"ERROR","message":"Database query error","error":"column \"subscription_type\" does not exist","code":"42703","severity":"ERROR","query":"SELECT subscription_type, is_subscribed, election_creation_limit \n       FROM votteryy_user_subscrip"}
{"timestamp":"2025-10-24T15:23:40.116Z","level":"ERROR","message":"Error getting user subscription info","error":"column \"subscription_type\" does not exist","userId":1}
{"timestamp":"2025-10-24T15:41:28.330Z","level":"ERROR","message":"Database query error","error":"column \"subscription_type\" does not exist","code":"42703","severity":"ERROR","query":"SELECT subscription_type, is_subscribed, election_creation_limit \n       FROM votteryy_user_subscrip"}
{"timestamp":"2025-10-24T15:41:28.330Z","level":"ERROR","message":"Error getting user subscription info","error":"column \"subscription_type\" does not exist","userId":1}
{"timestamp":"2025-10-24T15:53:50.357Z","level":"ERROR","message":"Database query error","error":"column \"subscription_type\" does not exist","code":"42703","severity":"ERROR","query":"SELECT subscription_type, is_subscribed, election_creation_limit \n       FROM votteryy_user_subscrip"}
{"timestamp":"2025-10-24T15:53:50.357Z","level":"ERROR","message":"Error getting user subscription info","error":"column \"subscription_type\" does not exist","userId":1}
{"timestamp":"2025-10-24T15:59:16.811Z","level":"ERROR","message":"Database query error","error":"column \"subscription_type\" does not exist","code":"42703","severity":"ERROR","query":"SELECT subscription_type, is_subscribed, election_creation_limit \n       FROM votteryy_user_subscrip"}
{"timestamp":"2025-10-24T15:59:16.811Z","level":"ERROR","message":"Error getting user subscription info","error":"column \"subscription_type\" does not exist","userId":1}
{"timestamp":"2025-10-24T16:12:54.562Z","level":"ERROR","message":"Database query error","error":"column \"subscription_type\" does not exist","code":"42703","severity":"ERROR","query":"SELECT subscription_type, is_subscribed, election_creation_limit \n       FROM votteryy_user_subscrip"}
{"timestamp":"2025-10-24T16:12:54.562Z","level":"ERROR","message":"Error getting user subscription info","error":"column \"subscription_type\" does not exist","userId":1}
{"timestamp":"2025-10-24T19:07:41.763Z","level":"ERROR","message":"Database query error","error":"column \"subscription_type\" does not exist","code":"42703","severity":"ERROR","query":"SELECT subscription_type, is_subscribed, election_creation_limit \n       FROM votteryy_user_subscrip"}
{"timestamp":"2025-10-24T19:07:41.764Z","level":"ERROR","message":"Error getting user subscription info","error":"column \"subscription_type\" does not exist","userId":1}
{"timestamp":"2025-10-24T19:55:35.125Z","level":"ERROR","message":"Database query error","error":"column \"subscription_type\" does not exist","code":"42703","severity":"ERROR","query":"SELECT subscription_type, is_subscribed, election_creation_limit \n       FROM votteryy_user_subscrip"}
{"timestamp":"2025-10-24T19:55:35.125Z","level":"ERROR","message":"Error getting user subscription info","error":"column \"subscription_type\" does not exist","userId":1}
{"timestamp":"2025-10-24T19:58:59.105Z","level":"ERROR","message":"Database query error","error":"column \"subscription_type\" does not exist","code":"42703","severity":"ERROR","query":"SELECT subscription_type, is_subscribed, election_creation_limit \n       FROM votteryy_user_subscrip"}
{"timestamp":"2025-10-24T19:58:59.106Z","level":"ERROR","message":"Error getting user subscription info","error":"column \"subscription_type\" does not exist","userId":1}
{"timestamp":"2025-10-24T20:00:16.317Z","level":"ERROR","message":"Database query error","error":"column \"subscription_type\" does not exist","code":"42703","severity":"ERROR","query":"SELECT subscription_type, is_subscribed, election_creation_limit \n       FROM votteryy_user_subscrip"}
{"timestamp":"2025-10-24T20:00:16.318Z","level":"ERROR","message":"Error getting user subscription info","error":"column \"subscription_type\" does not exist","userId":1}
{"timestamp":"2025-10-24T20:34:45.736Z","level":"ERROR","message":"Database query error","error":"column \"subscription_type\" does not exist","code":"42703","severity":"ERROR","query":"SELECT subscription_type, is_subscribed, election_creation_limit \n       FROM votteryy_user_subscrip"}
{"timestamp":"2025-10-24T20:34:45.738Z","level":"ERROR","message":"Error getting user subscription info","error":"column \"subscription_type\" does not exist","userId":1}
{"timestamp":"2025-10-24T20:42:21.961Z","level":"ERROR","message":"Database query error","error":"column \"subscription_type\" does not exist","code":"42703","severity":"ERROR","query":"SELECT subscription_type, is_subscribed, election_creation_limit \n       FROM votteryy_user_subscrip"}
{"timestamp":"2025-10-24T20:42:21.961Z","level":"ERROR","message":"Error getting user subscription info","error":"column \"subscription_type\" does not exist","userId":1}
{"timestamp":"2025-10-24T21:02:11.525Z","level":"ERROR","message":"Database query error","error":"column \"subscription_type\" does not exist","code":"42703","severity":"ERROR","query":"SELECT subscription_type, is_subscribed, election_creation_limit \n       FROM votteryy_user_subscrip"}
{"timestamp":"2025-10-24T21:02:11.526Z","level":"ERROR","message":"Error getting user subscription info","error":"column \"subscription_type\" does not exist","userId":1}
{"timestamp":"2025-10-24T21:06:30.597Z","level":"ERROR","message":"Database query error","error":"column \"subscription_type\" does not exist","code":"42703","severity":"ERROR","query":"SELECT subscription_type, is_subscribed, election_creation_limit \n       FROM votteryy_user_subscrip"}
{"timestamp":"2025-10-24T21:06:30.597Z","level":"ERROR","message":"Error getting user subscription info","error":"column \"subscription_type\" does not exist","userId":1}
{"timestamp":"2025-10-24T21:19:34.985Z","level":"ERROR","message":"Database query error","error":"column \"subscription_type\" does not exist","code":"42703","severity":"ERROR","query":"SELECT subscription_type, is_subscribed, election_creation_limit \n       FROM votteryy_user_subscrip"}
{"timestamp":"2025-10-24T21:19:34.986Z","level":"ERROR","message":"Error getting user subscription info","error":"column \"subscription_type\" does not exist","userId":1}
{"timestamp":"2025-10-24T21:24:57.034Z","level":"ERROR","message":"Database query error","error":"column \"subscription_type\" does not exist","code":"42703","severity":"ERROR","query":"SELECT subscription_type, is_subscribed, election_creation_limit \n       FROM votteryy_user_subscrip"}
{"timestamp":"2025-10-24T21:24:57.035Z","level":"ERROR","message":"Error getting user subscription info","error":"column \"subscription_type\" does not exist","userId":1}
{"timestamp":"2025-10-24T21:32:06.913Z","level":"ERROR","message":"Database query error","error":"column \"subscription_type\" does not exist","code":"42703","severity":"ERROR","query":"SELECT subscription_type, is_subscribed, election_creation_limit \n       FROM votteryy_user_subscrip"}
{"timestamp":"2025-10-24T21:32:06.913Z","level":"ERROR","message":"Error getting user subscription info","error":"column \"subscription_type\" does not exist","userId":1}
{"timestamp":"2025-10-24T21:38:31.185Z","level":"ERROR","message":"Database query error","error":"column \"subscription_type\" does not exist","code":"42703","severity":"ERROR","query":"SELECT subscription_type, is_subscribed, election_creation_limit \n       FROM votteryy_user_subscrip"}
{"timestamp":"2025-10-24T21:38:31.185Z","level":"ERROR","message":"Error getting user subscription info","error":"column \"subscription_type\" does not exist","userId":1}
{"timestamp":"2025-10-24T22:10:58.268Z","level":"ERROR","message":"Database query error","error":"column \"subscription_type\" does not exist","code":"42703","severity":"ERROR","query":"SELECT subscription_type, is_subscribed, election_creation_limit \n       FROM votteryy_user_subscrip"}
{"timestamp":"2025-10-24T22:10:58.268Z","level":"ERROR","message":"Error getting user subscription info","error":"column \"subscription_type\" does not exist","userId":1}
{"timestamp":"2025-10-24T22:14:28.087Z","level":"ERROR","message":"Database query error","error":"column \"subscription_type\" does not exist","code":"42703","severity":"ERROR","query":"SELECT subscription_type, is_subscribed, election_creation_limit \n       FROM votteryy_user_subscrip"}
{"timestamp":"2025-10-24T22:14:28.088Z","level":"ERROR","message":"Error getting user subscription info","error":"column \"subscription_type\" does not exist","userId":1}
{"timestamp":"2025-10-24T22:23:35.726Z","level":"ERROR","message":"Database query error","error":"column \"subscription_type\" does not exist","code":"42703","severity":"ERROR","query":"SELECT subscription_type, is_subscribed, election_creation_limit \n       FROM votteryy_user_subscrip"}
{"timestamp":"2025-10-24T22:23:35.727Z","level":"ERROR","message":"Error getting user subscription info","error":"column \"subscription_type\" does not exist","userId":1}
{"timestamp":"2025-10-24T22:29:55.487Z","level":"ERROR","message":"Database query error","error":"column \"subscription_type\" does not exist","code":"42703","severity":"ERROR","query":"SELECT subscription_type, is_subscribed, election_creation_limit \n       FROM votteryy_user_subscrip"}
{"timestamp":"2025-10-24T22:29:55.488Z","level":"ERROR","message":"Error getting user subscription info","error":"column \"subscription_type\" does not exist","userId":1}
{"timestamp":"2025-10-25T04:42:06.593Z","level":"ERROR","message":"Database query error","error":"column \"subscription_type\" does not exist","code":"42703","severity":"ERROR","query":"SELECT subscription_type, is_subscribed, election_creation_limit \n       FROM votteryy_user_subscrip"}
{"timestamp":"2025-10-25T04:42:06.609Z","level":"ERROR","message":"Error getting user subscription info","error":"column \"subscription_type\" does not exist","userId":1}
{"timestamp":"2025-10-25T04:45:44.298Z","level":"ERROR","message":"Database query error","error":"column \"subscription_type\" does not exist","code":"42703","severity":"ERROR","query":"SELECT subscription_type, is_subscribed, election_creation_limit \n       FROM votteryy_user_subscrip"}
{"timestamp":"2025-10-25T04:45:44.298Z","level":"ERROR","message":"Error getting user subscription info","error":"column \"subscription_type\" does not exist","userId":1}
{"timestamp":"2025-10-25T04:49:23.228Z","level":"ERROR","message":"Database query error","error":"column \"subscription_type\" does not exist","code":"42703","severity":"ERROR","query":"SELECT subscription_type, is_subscribed, election_creation_limit \n       FROM votteryy_user_subscrip"}
{"timestamp":"2025-10-25T04:49:23.229Z","level":"ERROR","message":"Error getting user subscription info","error":"column \"subscription_type\" does not exist","userId":1}
{"timestamp":"2025-10-25T05:06:38.499Z","level":"ERROR","message":"Database query error","error":"column \"subscription_type\" does not exist","code":"42703","severity":"ERROR","query":"SELECT subscription_type, is_subscribed, election_creation_limit \n       FROM votteryy_user_subscrip"}
{"timestamp":"2025-10-25T05:06:38.500Z","level":"ERROR","message":"Error getting user subscription info","error":"column \"subscription_type\" does not exist","userId":1}
{"timestamp":"2025-10-25T07:52:49.991Z","level":"ERROR","message":"Database query error","error":"column \"subscription_type\" does not exist","code":"42703","severity":"ERROR","query":"SELECT subscription_type, is_subscribed, election_creation_limit \n       FROM votteryy_user_subscrip"}
{"timestamp":"2025-10-25T07:52:49.992Z","level":"ERROR","message":"Error getting user subscription info","error":"column \"subscription_type\" does not exist","userId":1}
